46 74 78 79 67 84 83 50 49 86 85 75 28 9 8 48 47 61 71 29 56 98 97 82 55 54 51 3 62 73 72 88 87 35 34 11 10 91 93 92 39 60 68 94 66 36 59 7 6 14 19 65 81 80 5 4 2 1 70 69 53 52 23 64 63 33 32 77 76 96 95 38 37 13 12 90 89 58 57 16 15 20 43 22 21 42 25 24 31 30 45 44 41 40 27 26 18 17 
50 51
67 68
84 85
45 46
46 47
60 61
35 36
74 75
33 34
77 78
73 74
82 83
9 10
78 79
11 12
79 80
66 67
48 49
83 84
56 57
7 8
86 87
49 50
39 40
85 86
25 26
91 92
75 76
27 28
28 29
8 9
70 71
19 20
93 94
47 48
61 62
71 72
29 30
55 56
88 89
53 54
96 97
97 98
81 82
54 55
51 52
3 4
5 6
2 3
62 63
22 23
14 15
72 73
87 88
34 35
10 11
90 91
92 93
38 39
59 60
31 32
68 69
94 95
65 66
36 37
58 59
6 7
13 14
18 19
64 65
80 81
4 5
1 2
69 70
52 53
23 24
63 64
32 33
76 77
95 96
37 38
16 17
12 13
89 90
57 58
15 16
20 21
42 43
43 44
21 22
41 42
24 25
30 31
44 45
40 41
26 27
17 18
