48 1 62 63 33 65 64 34 36 35 57 56 37 58 27 59 61 28 60 31 30 93 52 23 94 24 96 95 0 78 26 25 86 88 18 90 89 20 91 92 32 82 83 19 87 17 44 43 11 13 12 8 42 4 10 9 72 71 
48 63
62 63
0 1
61 62
32 33
63 64
31 32
33 34
64 65
34 35
57 58
35 36
56 57
27 28
37 59
58 59
26 27
18 61
59 60
60 61
92 93
28 31
60 93
30 31
93 94
52 94
23 24
13 96
90 95
94 95
24 25
95 96
87 88
0 89
78 88
10 26
25 26
86 87
88 89
18 19
17 18
89 90
19 20
91 92
32 92
82 83
19 83
71 87
42 43
17 44
43 44
11 12
12 13
8 9
4 42
9 10
71 72
