28 49 11 24 59 56 74 34 48 37 13 46 45 25 12 9 43 40 14 52 22 26 23 17 16 82 80 84 71 38 1 53 51 97 95 42 41 57 54 98 2 69 68 33 31 62 60 39 36 20 18 8 78 75 66 64 29 27 7 5 88 85 
27 28
66 68
80 82
48 49
33 34
20 22
54 56
43 45
45 48
40 42
11 14
11 13
22 24
71 74
56 59
74 75
57 60
34 36
48 51
37 38
53 54
12 13
45 46
8 9
29 31
22 25
9 12
26 27
40 43
14 17
52 53
1 98
22 23
23 26
16 18
16 17
38 39
62 64
82 84
78 80
84 85
69 71
38 41
1 97
51 53
95 97
2 5
41 42
54 57
2 98
68 69
31 33
60 62
36 39
18 20
7 8
75 78
64 66
27 29
5 7
85 88
