99 97 92 90 88 86 85 84 80 78 77 72 68 67 66 65 64 63 61 60 58 57 56 55 53 52 48 47 46 45 44 43 41 40 39 38 36 35 33 32 28 27 26 25 24 23 20 19 18 17 16 15 14 13 12 9 8 7 6 5 4 3 
33 99
78 97
84 92
33 90
15 88
77 86
84 85
66 84
66 80
77 84
65 72
64 68
63 67
66 78
48 65
25 64
60 63
16 61
46 60
33 58
44 57
52 56
36 55
47 53
43 52
23 48
16 47
23 46
25 45
40 44
20 43
33 41
33 40
3 39
8 38
17 36
35 61
33 78
15 32
27 28
24 27
23 26
25 33
24 85
23 25
19 20
18 19
17 18
14 17
16 18
14 15
14 77
13 14
12 16
6 9
6 8
6 7
6 24
5 16
4 9
3 4
