0 1 2 3 4 5 6 7 8 9 10 11 12 13 14 15 16 17 18 19 20 21 22 23 24 25 26 27 28 29 30 31 32 33 34 35 36 37 38 39 40 41 42 43 44 45 46 47 48 49 50 51 53 54 55 56 57 58 59 60 61 62 63 64 65 66 67 68 69 70 71 72 73 74 75 76 77 78 79 80 81 82 83 84 85 86 87 88 89 90 91 92 93 94 95 96 97 98 99 
7 48
0 26
18 79
12 62
2 32
5 40
21 90
23 96
24 97
4 38
20 86
2 31
10 55
6 44
1 29
14 68
9 54
18 81
4 39
7 47
5 41
13 65
0 27
8 50
6 43
15 71
16 74
23 94
11 60
16 73
4 37
14 67
1 28
3 34
17 77
80 90
24 99
57 71
0 25
24 98
5 42
17 78
39 94
55 66
18 80
3 35
83 98
43 93
37 44
70 75
23 95
19 82
11 58
49 86
63 97
57 64
46 88
36 47
22 92
33 69
32 56
28 50
20 85
34 36
7 46
39 85
17 76
47 67
62 79
26 28
46 61
36 73
2 33
16 75
29 59
30 72
29 36
51 81
55 82
74 91
41 89
35 41
45 85
33 35
38 79
76 82
1 30
48 84
37 60
39 92
29 87
34 76
34 38
54 82
38 98
57 73
28 65
53 85
