0 2 3 4 5 6 7 8 9 10 11 12 13 14 15 16 17 18 19 20 21 22 23 24 25 26 27 28 29 30 31 32 33 34 35 36 37 38 39 40 41 42 43 44 45 46 47 48 49 50 51 52 53 54 55 56 57 58 59 60 61 62 63 64 65 66 67 68 69 70 71 72 73 74 75 76 77 78 79 80 81 82 83 84 85 86 87 88 89 90 91 92 93 94 95 96 97 98 99 
0 4
7 8
2 9
9 10
3 11
10 11
4 13
12 13
5 14
14 15
15 16
12 17
16 17
17 18
10 19
18 19
19 20
8 21
20 21
21 22
6 23
15 24
23 24
51 52
52 53
50 54
50 55
55 56
51 57
56 57
58 59
60 61
62 63
55 64
63 64
64 65
65 66
66 67
60 69
68 69
69 70
58 71
70 71
71 72
56 73
72 73
40 74
73 74
25 26
26 27
28 29
25 30
30 31
31 32
32 33
34 35
35 36
36 37
29 38
30 39
38 39
39 40
40 41
37 42
41 42
42 43
43 44
44 45
46 47
31 48
47 48
18 49
48 49
76 77
77 78
75 79
75 80
80 81
76 82
81 82
82 83
83 84
84 85
78 86
87 88
80 89
88 89
89 90
90 91
87 92
93 94
94 95
95 96
96 97
81 98
97 98
65 99
98 99
