32 39 30 29 40 41 38 50 42 43 35 34 13 46 10 28 15 9 14 8 6 57 3 37 31 69 47 60 56 61 7 5 11 52 51 86 64 63 70 72 0 24 23 74 87 76 75 83 82 22 20 77 73 89 88 81 80 12 1 
30 31
30 35
30 32
35 50
35 39
38 39
28 30
29 30
50 72
38 40
38 41
42 50
42 46
43 46
5 10
34 35
0 10
10 13
46 47
3 10
8 28
8 15
8 9
8 14
7 8
6 8
56 57
47 56
3 11
31 37
60 70
69 70
47 51
60 61
56 60
61 63
5 7
11 20
51 52
86 87
76 87
63 64
70 73
72 74
22 23
0 1
23 24
74 76
81 82
87 88
75 76
75 82
82 83
20 22
73 77
88 89
80 81
1 12
