98 97 96 93 92 90 89 88 86 85 84 83 82 81 75 74 73 71 70 69 67 65 63 58 57 54 53 52 51 49 48 47 46 44 39 38 34 32 30 29 28 24 23 22 20 18 17 16 15 13 12 11 10 8 7 6 5 4 3 2 1 
96 98
97 98
7 96
70 93
10 92
23 90
23 89
88 89
24 86
85 88
63 84
58 83
20 82
47 81
74 75
11 74
5 73
71 92
70 92
69 93
6 67
63 65
39 63
57 58
57 67
54 63
16 53
32 52
23 51
28 49
48 49
2 47
46 48
17 44
1 39
38 39
34 92
10 32
29 30
29 32
28 74
23 24
23 30
3 22
3 20
16 18
17 67
1 16
15 39
2 13
5 12
5 11
8 10
7 32
6 18
1 5
1 4
2 3
2 4
1 7
