17 1 20 65 33 57 0 91 10 75 28 76 77 34 48 94 84 31 26 13 62 58 87 42 30 19 63 6 45 78 83 46 96 89 38 32 88 51 82 9 60 54 18 79 59 37 53 50 36 12 99 43 86 64 4 61 97 70 93 66 74 15 71 41 22 49 29 3 44 16 98 80 8 73 55 27 23 5 68 7 35 2 90 69 40 14 92 52 81 21 39 24 85 11 95 25 67 56 
17 29
11 66
39 48
1 34
65 88
13 44
10 42
20 28
16 79
91 97
17 77
1 59
20 45
43 70
30 33
65 84
55 86
0 33
57 63
60 69
38 57
0 75
19 83
58 76
7 80
49 91
10 27
28 75
26 76
31 87
77 94
24 35
34 62
46 48
84 94
14 61
26 31
3 13
6 18
2 62
82 89
50 58
22 87
8 32
5 9
30 42
19 98
36 63
6 71
40 45
15 78
21 96
51 83
46 85
37 96
38 89
32 92
51 88
56 82
64 73
9 53
54 74
52 60
41 95
18 54
59 79
37 99
12 53
23 50
12 36
43 99
67 86
4 64
61 93
70 97
66 93
15 74
41 71
22 25
49 90
3 29
16 44
80 98
8 68
73 81
27 55
5 23
7 68
2 35
69 90
14 40
52 92
21 81
24 39
11 85
25 95
56 67
