2 12 3 1 0 15 11 49 4 5 7 6 14 13 10 24 17 16 9 8 69 70 66 65 68 67 59 29 61 60 31 30 32 54 56 55 58 57 26 25 28 27 18 90 19 21 20 23 22 80 51 50 53 52 44 46 45 48 47 39 41 40 43 42 33 34 36 35 38 37 71 91 81 72 92 82 83 73 93 84 74 94 85 75 95 86 76 96 87 77 98 97 89 88 79 78 64 63 62 
10 13
12 17
2 49
1 49
3 49
12 13
3 4
0 1
13 15
48 49
10 11
49 50
4 5
5 6
7 8
6 7
13 14
9 10
23 24
24 25
17 18
16 17
8 9
68 69
69 70
70 71
64 65
66 67
65 66
67 68
58 59
28 29
59 60
61 62
29 30
60 61
30 31
32 33
53 54
54 55
56 57
55 56
26 27
57 58
25 26
27 28
18 19
90 91
89 90
19 20
21 22
20 21
22 23
79 80
80 81
51 52
50 51
52 53
43 44
44 45
46 47
45 46
47 48
38 39
39 40
41 42
40 41
42 43
33 34
34 35
36 37
35 36
37 38
71 72
91 92
81 82
72 73
92 93
82 83
83 84
73 74
93 94
84 85
74 75
94 95
85 86
75 76
95 96
86 87
76 77
96 97
87 88
77 78
97 98
88 89
78 79
63 64
62 63
