93 89 45 5 0 69 9 3 2 72 96 32 90 4 8 7 10 78 6 80 34 22 24 23 57 56 28 27 31 99 1 19 21 20 13 76 75 30 29 14 16 15 12 11 42 41 48 54 53 61 60 65 64 35 84 83 36 86 85 38 37 50 49 
56 93
1 2
4 20
3 4
84 89
45 56
4 5
45 65
31 60
34 78
8 9
9 10
5 6
23 28
0 1
6 7
69 72
31 48
32 54
9 85
10 11
29 76
2 3
1 72
28 29
23 96
4 57
31 32
4 90
7 8
10 28
6 78
34 80
12 13
34 35
22 23
23 24
42 76
56 57
27 28
30 31
1 99
19 20
20 21
13 14
75 76
29 30
14 15
84 85
15 16
11 12
41 42
48 49
53 54
60 61
64 65
35 36
83 84
36 37
85 86
37 38
49 50
