0 1 2 3 4 5 6 7 8 9 10 11 13 14 15 16 17 18 19 20 21 22 23 24 25 26 27 28 29 30 31 32 33 34 35 36 37 38 39 40 41 42 43 44 45 46 47 48 49 50 51 52 53 54 55 56 57 58 59 60 61 62 63 64 65 66 67 68 69 70 71 72 73 74 75 76 77 78 79 80 81 82 83 84 85 86 87 88 89 90 91 92 93 94 95 96 97 98 99 
8 50
13 65
24 98
7 48
6 44
9 52
23 94
4 37
11 60
15 71
1 30
5 42
10 57
1 28
21 90
7 47
2 32
19 83
18 79
16 73
19 82
6 43
17 76
17 77
10 56
11 58
22 91
7 46
21 88
19 84
33 66
3 35
50 77
0 27
17 78
22 93
13 64
11 59
5 40
16 74
27 83
47 76
24 97
80 90
22 92
24 99
14 69
31 36
0 26
23 95
0 25
4 38
93 99
5 41
35 83
29 42
14 67
28 60
51 77
94 99
31 43
41 71
29 47
84 89
34 44
30 96
32 72
44 86
16 75
63 95
39 40
43 76
46 84
81 99
30 47
67 75
53 94
49 90
66 85
28 32
46 90
52 82
70 81
46 65
64 68
54 55
30 45
46 75
61 67
55 78
13 66
38 77
48 99
46 79
78 87
30 56
62 78
7 20
