23 26 98 96 54 59 55 71 49 62 75 17 41 25 27 70 69 77 28 57 21 74 72 58 12 32 48 47 92 90 39 50 40 33 19 18 5 45 78 83 63 31 30 61 60 52 51 65 7 6 24 22 81 79 3 1 34 88 84 43 42 95 93 15 13 37 36 87 85 10 9 67 66 
17 18
23 24
24 26
37 39
95 96
96 98
52 54
25 27
69 70
54 55
57 59
55 57
75 77
69 71
48 49
61 63
83 84
92 93
60 62
5 6
45 47
88 90
74 75
15 17
41 42
24 25
27 28
70 72
10 12
67 69
77 78
19 21
28 30
57 58
21 22
48 50
72 74
58 60
12 13
32 33
7 9
47 48
90 92
39 40
50 51
40 42
31 33
33 34
18 19
3 5
43 45
78 79
81 83
63 65
30 31
60 61
51 52
65 66
6 7
22 24
79 81
1 3
34 36
87 88
84 85
42 43
93 95
13 15
36 37
85 87
9 10
66 67
