0 1 2 3 4 5 6 7 8 9 10 11 12 13 15 16 17 18 19 20 21 22 23 24 25 26 27 28 29 30 31 32 33 34 35 36 37 38 39 40 41 42 43 44 45 46 47 48 49 50 51 52 53 54 55 56 57 58 59 60 61 62 63 64 65 66 67 68 69 70 71 72 73 74 75 76 77 78 79 80 81 82 83 84 85 86 87 88 89 90 91 92 93 94 95 96 97 98 99 
0 27
2 31
23 96
7 48
20 86
9 52
3 34
3 35
13 66
11 58
22 93
2 33
3 36
19 82
24 99
11 60
10 56
4 38
4 37
16 75
21 89
6 43
8 50
6 45
23 95
11 59
7 46
1 28
16 74
18 79
12 62
2 32
43 46
49 74
86 87
5 42
12 63
1 30
20 85
6 44
1 29
31 44
0 25
8 49
46 75
18 80
56 81
18 81
7 47
22 92
22 91
21 88
48 62
17 77
12 61
5 40
25 78
9 53
51 74
15 71
13 64
26 61
37 61
59 64
47 73
30 68
10 55
48 91
54 77
17 76
40 46
41 66
83 86
90 93
81 98
45 97
43 86
73 96
26 72
39 41
81 99
64 88
81 91
27 91
43 77
35 43
48 64
74 84
69 93
67 86
65 75
29 71
63 94
52 63
29 62
70 92
29 57
7 19
