43 49 94 47 44 74 54 41 36 32 56 4 31 45 85 73 69 76 13 48 46 3 28 65 20 12 7 40 35 79 42 39 15 91 21 17 16 11 22 27 24 25 97 92 88 87 30 29 26 23 78 75 34 33 86 82 63 66 61 62 57 53 50 
48 50
30 35
57 61
43 46
47 49
20 23
91 94
87 92
45 47
42 46
44 45
74 76
53 57
28 31
54 57
35 36
36 41
34 39
32 33
56 57
21 22
78 82
4 7
30 34
30 31
73 75
40 45
85 86
12 17
66 69
69 73
76 79
12 13
46 48
3 7
27 28
61 65
16 20
7 12
35 40
79 82
39 42
82 87
11 15
86 91
17 21
11 16
22 24
25 26
24 27
25 29
92 97
87 88
29 30
23 26
75 78
33 34
82 86
62 63
61 66
57 62
50 53
