98 23 44 78 6 5 42 83 77 68 48 47 8 75 27 3 2 89 93 14 87 57 56 86 84 39 38 53 26 24 9 21 20 74 36 35 32 18 12 11 17 15 96 95 81 80 92 90 51 50 65 60 72 71 63 62 46 45 29 28 55 54 34 33 41 40 31 30 59 58 67 66 70 69 
57 59
21 23
33 35
77 78
42 44
96 98
23 24
44 45
6 8
78 80
39 41
5 6
81 83
27 29
3 5
45 47
68 69
69 71
48 50
41 42
54 56
83 84
75 77
87 89
66 68
30 32
47 48
8 9
36 38
74 75
53 54
29 30
26 27
65 66
2 3
18 20
93 95
89 90
92 93
12 14
14 15
86 87
56 57
84 86
38 39
60 62
51 53
24 26
9 11
20 21
72 74
35 36
32 33
17 18
11 12
15 17
95 96
80 81
90 92
50 51
63 65
59 60
71 72
62 63
45 46
28 29
54 55
33 34
40 41
30 31
58 59
66 67
69 70
