59 56 50 54 57 66 60 61 82 62 81 78 88 80 73 89 87 79 76 49 83 71 46 43 44 70 68 40 69 42 90 74 64 33 63 67 65 91 85 75 92 93 0 86 77 84 72 52 26 51 25 45 39 35 17 31 22 19 9 15 11 5 7 3 
51 73
59 77
52 74
56 76
50 73
54 75
57 76
66 81
65 80
69 82
60 78
68 82
64 80
67 81
61 78
82 89
62 79
63 79
86 91
87 91
81 88
89 92
85 90
84 90
88 92
78 87
80 88
73 84
83 89
79 87
76 86
70 83
49 72
71 83
46 71
43 69
44 70
45 70
40 68
42 69
90 93
74 85
33 64
31 63
39 67
35 65
91 93
75 85
0 92
0 93
77 86
72 84
26 52
25 51
22 45
19 39
17 35
15 31
11 22
9 19
7 15
5 11
3 7
