64 61 31 46 67 93 52 56 54 62 12 11 92 90 98 37 26 77 78 32 30 9 25 24 33 41 71 72 43 42 29 27 83 2 39 38 45 44 58 66 57 75 74 47 89 87 23 21 69 68 60 59 86 84 65 63 96 95 53 51 17 8 6 36 35 20 18 15 14 50 48 81 80 5 3 
17 18
32 33
5 6
50 51
41 42
63 64
53 54
56 57
61 62
89 90
31 32
45 46
67 68
36 38
92 93
71 72
83 84
62 63
29 30
93 95
26 27
9 11
52 53
12 14
23 24
54 56
60 62
86 87
75 77
11 12
90 92
96 98
37 38
24 26
77 78
45 47
78 80
30 32
65 66
8 9
24 25
33 35
39 41
69 71
72 74
43 44
42 44
27 29
81 83
2 3
38 39
44 45
57 58
66 68
20 21
57 59
74 75
47 48
87 89
21 23
68 69
59 60
84 86
63 65
95 96
51 53
15 17
6 8
35 36
18 20
14 15
48 50
80 81
3 5
