94 78 89 56 76 75 71 88 87 98 80 54 79 77 97 58 57 93 92 70 55 86 85 51 96 95 65 84 83 82 81 91 90 61 68 69 59 44 50 49 67 63 74 73 72 60 39 53 52 64 62 48 38 37 47 43 42 26 30 46 45 25 29 27 36 35 41 40 34 33 32 31 7 24 19 18 23 22 15 17 13 14 12 10 9 5 3 2 0 
94 95
55 57
91 92
93 94
76 78
88 89
89 90
51 56
86 87
75 76
75 77
79 80
51 52
74 75
70 71
87 88
97 98
80 81
84 85
62 63
53 54
77 79
59 60
96 97
44 45
57 58
92 93
69 70
52 55
85 86
48 49
50 51
82 83
95 96
64 65
67 68
83 84
81 82
90 91
60 61
41 42
68 69
69 72
50 59
43 44
49 50
63 67
38 39
73 74
72 73
60 62
39 40
52 53
36 37
62 64
47 48
37 38
46 47
29 30
34 35
42 43
25 27
25 26
30 31
45 46
24 25
27 29
35 36
40 41
32 33
33 34
31 32
5 7
12 13
19 22
17 18
23 24
18 19
22 23
14 15
13 17
9 10
12 14
10 12
0 9
2 5
2 3
0 2
