16 98 15 25 24 17 4 83 74 36 8 91 82 73 72 92 40 14 61 81 86 71 35 80 3 57 64 77 47 66 65 26 68 67 60 30 29 52 51 59 58 50 10 9 32 31 23 76 75 88 87 79 78 63 62 94 93 95 97 96 11 34 33 28 27 18 7 49 48 54 53 46 42 41 45 39 2 1 6 5 90 89 38 37 85 84 22 19 56 55 13 12 44 43 70 69 21 20 
3 4
7 8
82 83
36 37
74 75
77 78
94 95
40 41
15 16
16 17
56 57
97 98
23 24
14 15
25 26
68 69
60 61
52 53
24 25
66 67
17 18
4 5
30 31
90 91
83 84
71 72
73 74
35 36
8 9
86 87
91 92
81 82
88 89
72 73
92 93
39 40
13 14
10 11
64 65
61 62
42 43
80 81
47 48
85 86
70 71
34 35
79 80
2 3
57 58
63 64
76 77
28 29
46 47
65 66
26 27
67 68
59 60
32 33
50 51
29 30
51 52
58 59
49 50
9 10
31 32
22 23
75 76
87 88
78 79
62 63
93 94
95 96
96 97
11 12
33 34
27 28
54 55
18 19
6 7
48 49
53 54
45 46
41 42
44 45
38 39
1 2
5 6
89 90
37 38
84 85
21 22
19 20
55 56
12 13
43 44
69 70
20 21
