98 47 21 76 23 73 69 85 70 92 77 66 62 61 55 68 88 4 42 41 80 50 90 52 51 15 14 27 99 72 40 71 26 67 5 1 33 16 6 0 32 11 10 84 83 60 8 7 59 82 81 20 35 34 19 37 36 46 45 31 30 18 17 93 58 57 56 95 94 
98 99
61 72
42 51
46 47
15 16
50 90
40 41
20 21
76 77
69 70
18 23
10 92
71 72
72 73
60 61
68 69
41 82
84 85
4 5
70 71
33 34
92 93
20 60
67 77
60 66
61 62
55 56
67 68
4 88
34 60
41 42
35 36
80 81
82 83
50 51
0 1
45 90
51 52
14 15
26 27
72 99
10 40
26 71
5 67
1 31
32 33
31 32
16 17
6 7
0 8
32 84
10 11
83 84
59 60
7 8
58 59
81 82
19 20
34 35
18 19
36 37
45 46
30 31
17 18
93 94
57 58
56 57
94 95
