79 70 29 20 49 81 14 99 15 50 45 44 41 40 89 88 86 19 9 10 0 98 97 96 95 92 91 90 18 17 16 13 12 11 59 55 52 51 48 47 46 6 5 85 84 30 58 57 56 4 3 27 26 23 22 69 66 65 64 61 60 39 36 35 32 31 80 73 68 67 38 37 77 76 
5 14
45 51
70 80
49 59
39 49
89 99
79 89
69 79
60 70
59 69
50 60
40 50
30 40
29 39
20 30
19 29
10 20
98 99
48 49
80 90
80 81
18 19
15 16
13 14
10 11
86 99
66 77
15 27
50 51
45 46
44 45
40 41
88 89
85 86
9 19
0 10
97 98
96 97
95 96
91 92
90 91
17 18
16 17
12 13
11 12
58 59
55 56
51 52
47 48
46 47
22 31
5 6
4 5
84 85
65 66
30 31
57 58
56 57
3 4
26 27
22 23
68 69
66 67
64 65
60 61
38 39
36 37
35 36
31 32
73 80
67 68
37 38
76 77
