98 97 92 87 82 77 74 72 70 69 67 65 64 62 60 57 52 47 42 37 96 93 32 91 88 86 83 81 78 27 76 73 71 68 66 63 22 61 58 56 53 51 48 17 46 43 41 38 36 33 12 31 28 26 23 21 18 7 16 13 11 8 6 3 
97 98
96 97
92 93
91 92
87 88
86 87
82 83
81 82
77 78
76 77
73 74
72 73
71 72
70 71
68 69
67 68
66 67
65 66
63 64
62 63
61 62
60 61
57 58
56 57
52 53
51 52
47 48
46 47
42 43
41 42
37 38
36 37
32 33
93 96
31 32
88 91
83 86
27 28
78 81
26 27
73 76
68 71
22 23
63 66
21 22
58 61
53 56
17 18
48 51
16 17
43 46
38 41
12 13
33 36
11 12
28 31
23 26
7 8
18 21
6 7
13 16
8 11
3 6
