96 95 92 90 89 87 86 85 83 82 81 80 79 78 77 75 74 73 71 70 69 68 67 65 64 61 60 58 57 55 54 53 52 51 50 49 48 47 46 45 44 43 42 40 39 37 36 34 31 29 27 26 23 22 21 20 19 17 16 15 14 13 11 10 9 7 4 2 1 0 
82 96
57 95
58 92
36 90
77 89
46 87
46 86
77 85
52 83
22 82
48 81
80 92
9 79
22 78
64 77
75 78
11 74
73 74
17 71
68 70
21 69
2 68
49 67
23 65
16 61
60 75
0 58
13 57
31 55
0 54
16 53
20 52
14 51
50 55
49 70
48 55
40 47
46 71
42 45
44 67
26 43
29 42
1 40
37 39
36 37
20 36
34 58
31 39
23 29
27 83
26 74
23 54
22 64
21 27
20 58
19 81
17 64
16 36
14 15
9 14
13 78
11 58
10 11
9 23
7 49
4 40
2 64
1 87
0 70
