0 1 2 3 4 5 6 7 8 9 10 11 12 13 14 15 16 17 18 19 20 21 22 23 24 25 26 27 28 29 30 31 32 33 34 35 36 37 38 39 40 41 42 43 44 45 46 47 48 49 50 52 53 54 55 56 57 58 59 60 61 62 63 64 65 66 67 68 69 70 71 72 73 74 75 76 77 78 79 80 81 82 83 84 85 86 87 88 89 90 91 92 93 94 95 96 97 98 99 
0 27
1 28
7 48
24 99
4 38
0 25
4 37
16 74
19 84
13 64
5 42
6 43
3 34
19 83
13 66
5 40
13 65
24 98
9 52
2 31
23 95
15 70
45 62
9 54
5 41
3 35
16 75
59 65
20 85
8 49
17 77
10 56
84 90
22 91
6 44
2 32
12 63
3 36
26 55
28 32
15 72
0 26
15 71
14 68
6 45
19 82
34 89
21 90
22 92
7 46
64 89
22 93
11 59
31 49
24 97
23 96
21 88
79 85
18 81
9 53
20 86
16 73
1 29
93 94
70 76
67 82
90 92
14 69
61 67
45 95
1 30
27 74
7 47
35 57
72 89
56 91
45 58
33 84
45 92
21 89
12 62
32 89
44 50
34 52
66 77
46 78
39 72
32 81
60 75
46 72
38 64
74 88
62 80
83 87
5 21
20 21
21 24
14 21
