0 1 2 3 4 5 6 7 8 9 10 11 12 13 14 15 16 17 19 20 21 22 23 24 25 26 27 28 29 30 31 32 33 34 35 36 37 38 39 40 41 42 43 44 45 46 47 48 49 50 51 52 53 54 55 56 57 58 59 60 61 62 63 64 65 66 67 68 69 70 71 72 73 74 75 76 77 78 79 80 81 82 83 84 85 86 87 88 89 90 91 92 93 94 95 96 97 98 99 
17 77
17 76
5 42
12 61
10 56
0 26
16 73
24 97
14 68
11 58
15 70
29 59
1 28
17 78
35 54
14 69
20 86
19 82
7 47
4 37
10 57
4 38
0 27
6 44
38 77
22 91
11 59
19 83
15 72
20 85
6 45
22 92
24 99
1 30
11 60
3 35
12 63
21 89
13 64
9 54
4 39
22 93
1 29
64 77
16 75
15 71
12 62
3 36
9 52
23 95
8 51
45 84
2 31
9 53
55 91
58 86
34 64
6 43
16 74
2 32
52 81
21 90
82 92
40 44
48 79
20 87
42 88
51 92
56 93
25 52
48 74
30 74
77 98
38 97
66 73
5 41
68 85
46 67
26 52
57 94
58 61
28 93
30 52
47 59
74 90
47 80
29 38
46 58
76 95
42 58
60 65
35 50
33 73
29 32
44 49
28 43
56 96
1 15
