0 1 2 3 4 5 6 7 8 9 10 11 12 13 14 15 16 17 18 19 20 21 22 23 24 25 26 27 28 29 30 31 32 33 34 35 36 37 38 39 40 41 42 43 44 45 46 47 48 49 50 51 52 53 54 55 56 57 58 59 60 61 62 63 64 65 66 67 68 69 70 71 72 73 74 76 77 78 79 80 81 82 83 84 85 86 87 88 89 90 91 92 93 94 95 96 97 98 99 
3 34
1 30
18 80
2 32
20 85
5 41
7 48
21 88
24 97
21 90
19 84
7 47
14 68
22 92
23 95
0 25
17 78
13 65
11 59
14 67
9 54
5 40
3 35
16 74
20 86
9 52
24 98
10 56
18 81
15 72
10 55
0 27
13 66
6 44
69 78
51 90
14 69
6 45
20 87
17 76
29 82
0 26
22 91
43 46
2 31
25 52
2 33
30 99
41 85
17 77
22 93
7 46
81 88
28 79
8 49
56 78
6 43
57 74
42 60
4 39
40 68
11 58
19 82
15 71
10 57
1 28
60 94
18 79
59 63
35 69
13 64
23 96
89 92
53 77
38 71
49 70
35 59
36 54
78 79
80 83
54 82
30 50
33 39
32 43
46 61
77 92
72 78
62 89
54 70
73 88
54 78
32 78
65 67
42 76
37 42
32 96
12 14
17 24
