0 1 2 3 4 5 6 7 8 9 10 11 12 13 14 15 16 17 19 20 21 22 23 24 25 26 27 28 29 30 31 32 33 34 35 36 37 38 39 40 41 42 43 44 45 46 47 48 49 50 51 52 53 54 55 56 57 58 59 60 61 62 63 64 65 66 67 68 69 70 71 72 73 74 75 76 77 78 79 80 81 82 83 84 85 86 87 88 89 90 91 92 93 94 95 96 97 98 99 
14 67
21 89
10 55
10 57
19 82
16 73
7 46
3 36
15 70
73 82
4 38
9 52
23 94
4 39
24 99
7 47
17 77
6 43
15 71
6 45
3 35
5 41
16 74
3 34
6 44
24 97
13 66
20 85
83 99
23 96
17 78
17 76
11 58
24 98
12 62
20 86
25 89
0 25
8 50
13 64
12 63
20 87
83 88
5 42
5 40
31 77
21 88
14 69
2 31
81 91
50 80
9 53
16 75
9 54
68 71
25 26
1 28
27 32
1 29
55 93
33 53
59 95
22 93
19 84
43 65
44 82
85 95
12 61
30 94
68 87
4 37
22 92
61 82
1 30
57 73
54 73
52 79
32 60
10 56
48 78
84 90
72 84
47 99
49 67
35 83
58 85
14 68
66 87
73 77
74 87
44 81
32 55
51 98
80 99
74 83
38 54
30 74
42 54
