99 97 96 95 92 91 89 85 84 80 79 78 77 76 75 74 73 72 71 70 69 68 67 66 65 64 63 62 61 60 59 58 57 56 55 54 53 52 51 50 40 39 38 37 36 35 34 33 32 31 30 29 28 27 26 25 24 23 22 21 20 19 18 17 16 15 14 13 12 11 9 8 7 6 5 4 3 2 1 0 
85 99
97 99
85 96
95 96
91 92
85 91
89 92
69 85
84 95
80 89
78 79
76 78
77 79
17 76
75 79
74 78
73 78
72 78
71 78
70 78
69 79
68 79
67 79
66 78
65 78
58 64
55 63
62 63
55 61
58 60
56 59
53 58
56 57
50 56
53 55
54 56
17 53
52 58
51 55
50 58
39 40
38 39
37 38
36 37
35 36
34 35
33 34
32 33
31 32
30 31
29 30
23 28
20 27
20 26
25 26
20 24
23 29
22 23
21 26
20 29
4 19
2 18
1 17
1 16
2 15
3 14
13 17
12 13
3 11
9 14
1 8
6 7
4 6
5 7
2 4
3 20
1 2
1 3
0 3
