91 90 81 79 78 77 76 75 74 73 72 71 69 68 67 66 65 64 63 62 61 60 59 58 57 56 55 54 53 52 51 50 48 45 44 40 37 36 35 34 33 32 31 30 29 28 27 26 25 23 22 19 18 10 9 8 7 6 5 4 3 2 1 0 
90 91
81 90
60 81
78 79
77 78
76 77
75 76
74 75
73 74
72 73
71 72
44 71
68 69
67 68
66 67
65 66
64 65
63 64
62 63
61 62
60 61
50 60
50 59
50 58
57 71
50 56
50 55
50 54
50 53
50 52
50 51
50 57
45 48
44 45
40 44
36 37
26 36
25 35
25 34
25 33
25 32
25 31
25 30
25 29
25 28
25 27
25 26
25 50
22 23
22 25
18 19
0 18
0 10
0 9
0 8
0 7
0 6
5 71
0 4
3 71
0 2
0 1
0 71
