93 81 23 75 80 34 98 95 83 2 99 87 50 67 47 69 88 1 84 51 45 9 72 76 62 61 54 37 53 22 7 3 56 70 66 41 49 35 64 33 48 91 60 55 19 13 11 4 6 5 52 27 18 96 15 17 12 8 59 36 31 26 14 10 20 30 28 43 21 
18 93
87 98
41 81
23 81
13 75
55 88
64 84
7 49
22 45
70 87
27 80
34 64
19 55
62 98
9 95
70 83
2 76
87 99
50 91
54 67
60 61
47 61
35 54
11 51
9 20
1 4
37 69
1 88
72 84
22 55
33 53
10 51
18 45
15 19
3 9
52 72
3 76
61 62
37 54
22 53
17 18
3 10
3 7
56 66
66 70
41 52
8 49
35 36
33 64
4 48
6 8
12 91
55 60
18 26
13 19
4 11
5 6
36 52
18 27
15 96
17 28
8 12
36 59
26 31
10 14
20 21
28 30
21 43
