47 57 59 85 94 51 77 48 10 97 42 65 95 36 49 20 9 31 12 40 81 88 38 98 44 82 15 4 92 68 67 96 8 69 76 83 70 32 21 0 35 11 71 56 17 3 30 23 39 5 89 61 62 43 99 72 45 1 73 27 46 25 84 22 
31 47
32 88
1 23
10 88
57 72
31 40
72 85
9 59
23 85
51 85
1 39
31 68
12 23
20 83
61 85
31 61
39 94
20 40
43 68
51 71
9 95
1 44
77 83
48 69
10 92
71 97
23 42
65 83
61 95
36 40
20 49
8 9
12 92
31 73
12 82
40 46
44 81
38 88
11 72
44 98
15 82
1 4
0 92
67 68
8 96
39 69
23 76
70 83
21 32
0 3
11 35
56 71
3 17
23 30
5 39
61 89
43 62
72 99
1 45
27 73
46 84
22 25
22 84
