0 1 2 3 4 5 6 7 8 9 10 11 12 13 14 15 16 17 18 19 20 21 22 23 24 25 26 27 28 29 30 31 32 33 34 35 36 38 39 40 41 42 43 44 45 46 47 48 49 50 51 52 53 54 55 56 57 58 59 60 61 62 63 64 65 66 67 68 69 70 71 72 73 74 75 76 77 78 79 80 81 82 83 84 85 86 87 88 89 90 91 92 93 94 95 96 97 98 99 
9 52
2 31
16 74
12 61
4 38
15 72
4 39
22 92
13 65
22 91
19 83
8 51
7 48
12 62
8 49
16 75
1 28
21 90
48 59
7 46
23 96
1 30
2 32
8 50
21 89
2 33
32 99
0 26
9 54
5 41
0 25
7 47
78 93
10 56
6 43
14 67
13 66
17 78
54 82
5 42
46 88
12 63
20 87
21 88
6 45
18 80
26 48
40 47
34 82
42 95
11 59
5 40
19 84
53 73
32 87
53 66
14 69
46 69
33 47
24 99
56 75
25 75
11 60
48 70
6 44
15 71
64 81
1 29
0 27
15 70
68 79
39 98
62 86
28 36
27 39
80 85
11 58
52 80
3 35
52 70
25 84
35 94
56 76
46 53
55 78
33 64
31 97
77 90
22 93
25 51
48 92
47 68
25 35
48 63
31 96
27 57
44 48
1 7
