99 94 91 90 89 88 86 85 84 81 77 76 73 67 65 64 61 59 58 57 56 55 53 52 51 50 49 48 47 46 45 44 41 39 38 36 35 34 33 32 27 25 24 22 21 20 19 18 17 16 15 13 12 10 7 6 4 3 2 
89 99
90 94
86 91
90 91
88 89
77 88
86 89
85 88
84 85
76 81
73 77
76 77
67 73
65 67
59 65
64 65
52 61
58 59
57 58
55 56
55 59
52 53
52 55
49 51
50 52
49 50
45 48
46 47
45 46
45 51
44 45
41 44
34 39
38 39
34 36
35 41
33 34
33 35
18 32
15 27
24 25
22 24
19 22
20 21
19 20
19 33
18 19
17 21
12 16
15 25
13 21
12 13
10 13
6 7
6 10
4 13
3 4
2 3
