0 1 2 3 4 5 6 7 8 9 10 11 12 13 14 15 16 17 18 19 20 22 23 24 25 26 27 28 29 30 31 32 33 34 35 36 37 38 39 40 41 42 43 44 45 46 47 48 49 50 51 52 53 54 55 56 57 58 59 60 61 62 63 64 65 66 67 68 69 70 71 72 73 74 75 76 77 78 79 80 81 82 83 84 85 86 87 88 89 90 91 92 93 94 95 96 97 98 99 
18 81
7 46
14 69
9 53
19 84
9 54
7 48
5 40
7 47
20 86
15 70
15 71
22 92
8 49
24 99
8 50
23 94
9 52
0 25
14 68
1 28
20 87
11 58
23 96
0 26
16 75
87 91
24 97
18 79
12 63
2 32
22 93
4 37
17 77
50 81
11 59
13 65
22 91
6 45
19 82
25 39
13 64
81 99
4 39
56 80
37 74
29 32
71 81
43 93
11 60
3 34
2 33
49 89
6 43
39 63
1 29
27 52
10 55
20 85
57 62
68 86
59 86
18 80
32 92
55 78
51 96
30 67
60 90
36 64
4 38
93 98
50 73
80 88
31 39
81 93
52 64
82 92
72 96
25 91
39 95
52 67
35 51
34 48
41 62
42 53
19 83
26 44
27 62
46 92
27 91
62 77
12 61
55 85
40 59
75 82
62 76
92 96
53 66
