94 92 90 89 86 84 83 80 78 77 74 72 71 68 66 65 64 62 60 59 58 57 56 55 54 53 52 51 50 49 48 47 46 45 44 43 42 41 40 39 38 37 36 35 34 33 32 31 30 29 27 26 25 24 23 22 20 18 17 14 12 11 8 6 4 2 
92 94
90 92
89 90
84 89
84 86
83 84
78 83
78 80
77 78
72 77
72 74
71 72
66 71
66 68
65 66
60 65
60 64
60 62
59 60
54 59
54 58
56 57
54 56
55 59
53 54
48 53
52 53
50 51
50 52
49 53
47 48
42 47
42 46
44 45
43 47
42 44
41 42
37 40
38 39
36 38
37 41
36 40
35 36
30 34
32 33
30 32
31 35
30 35
29 30
26 27
24 26
25 29
24 29
23 24
22 23
20 22
18 20
17 18
12 14
12 17
11 12
6 8
6 11
4 6
2 4
