34 58 47 23 42 35 28 88 19 52 22 10 7 37 43 25 24 17 53 0 1 67 36 30 31 54 62 90 26 46 41 50 56 16 11 32 51 29 9 4 12 6 20 13 39 38 68 64 44 92 91 87 96 95 80 98 84 83 86 82 61 81 77 76 73 63 60 
29 34
22 29
34 41
29 35
13 26
54 58
36 37
24 30
46 47
24 31
22 23
36 42
12 13
28 35
80 88
12 19
41 52
17 22
10 11
6 7
37 44
36 43
24 25
16 17
53 56
0 6
1 6
64 67
30 36
26 31
39 46
61 62
4 11
51 54
62 98
50 56
86 90
26 32
41 46
29 50
56 63
11 16
61 64
32 38
29 51
4 9
6 12
13 20
38 39
64 68
44 95
91 92
87 91
91 96
84 87
81 82
95 96
80 83
86 98
76 77
83 84
82 86
60 61
77 81
73 76
60 63
