99 98 97 96 95 94 93 92 91 90 89 88 87 86 85 84 83 82 81 80 79 78 77 76 75 74 73 72 71 70 69 68 67 66 65 64 63 62 61 60 59 58 57 56 55 54 53 52 51 50 49 48 47 46 45 44 43 42 41 40 39 38 37 36 35 34 33 32 31 30 29 28 27 26 25 24 23 22 21 20 19 18 17 16 15 14 13 12 11 10 9 8 7 6 5 4 3 2 1 0 
47 99
27 98
24 97
23 96
23 95
33 94
53 93
92 99
33 91
75 90
21 89
21 88
20 87
73 86
27 85
71 84
26 83
19 82
18 81
18 80
79 84
25 78
72 77
72 76
16 75
16 74
32 73
15 72
32 71
15 70
69 70
14 68
50 67
31 66
27 65
60 64
61 63
12 62
48 61
47 60
11 59
58 72
37 57
10 56
10 55
9 54
47 53
47 52
8 51
48 50
8 49
7 48
32 47
7 46
6 45
6 44
43 66
25 42
41 63
40 75
39 46
38 97
37 91
3 36
33 35
3 34
2 33
2 31
1 30
29 60
1 28
27 32
0 26
0 25
24 99
23 94
22 91
2 21
20 85
19 84
18 79
17 77
16 73
15 71
14 69
13 65
12 61
11 60
7 10
9 52
8 50
7 47
6 43
5 41
4 37
3 35
2 32
1 29
0 27
