36 31 30 29 24 23 55 13 94 83 82 56 47 46 45 44 37 35 28 20 19 18 41 95 91 84 75 74 73 72 65 64 61 60 59 58 57 40 39 38 15 14 7 6 1 51 43 42 34 50 49 48 52 93 92 85 63 62 17 16 2 12 11 27 22 21 54 53 33 32 26 25 8 5 4 3 66 90 71 70 10 9 69 68 67 86 77 76 89 97 96 88 87 99 98 79 78 
55 56
22 23
36 37
30 31
24 25
77 78
43 44
35 36
31 32
28 29
29 30
23 24
54 55
20 21
12 13
13 14
71 72
94 95
93 94
90 91
83 84
82 83
74 75
65 66
63 64
56 57
47 48
46 47
45 46
44 45
37 38
34 35
27 28
19 20
18 19
17 18
7 8
5 6
40 41
41 42
51 52
50 99
95 96
91 92
84 85
75 76
73 74
72 73
64 65
61 62
60 61
59 60
58 59
57 58
39 40
38 39
15 16
14 15
6 7
1 2
50 51
42 43
33 34
49 50
10 11
48 49
52 53
92 93
85 86
69 70
62 63
16 17
2 3
11 12
26 27
21 22
53 54
32 33
25 26
8 9
4 5
3 4
66 67
89 90
70 71
9 10
97 98
68 69
67 68
86 87
76 77
88 89
96 97
87 88
98 99
78 79
