0 1 2 3 4 6 7 8 9 10 11 12 13 14 15 16 17 18 19 20 21 22 23 24 25 26 27 28 29 30 31 32 33 34 35 36 37 38 39 40 41 42 43 44 45 46 47 48 49 50 51 52 53 54 55 56 57 58 59 60 61 62 63 64 65 66 67 68 69 70 71 72 73 74 75 76 77 78 79 80 81 82 83 84 85 86 87 88 89 90 91 92 93 94 95 96 97 98 99 
6 43
23 96
17 76
4 39
6 45
18 80
10 57
8 50
6 44
12 62
19 83
11 59
24 97
22 93
16 75
14 68
8 51
7 48
23 95
22 92
13 66
15 72
9 54
10 55
15 71
21 88
0 27
4 37
14 67
30 58
72 75
90 99
15 70
1 30
62 90
23 94
24 99
11 58
9 52
60 99
1 28
8 49
16 74
17 77
40 65
98 99
0 25
2 31
10 56
7 47
21 90
12 61
13 64
11 60
19 82
9 53
16 73
25 74
3 36
74 92
71 77
1 29
52 59
13 65
38 98
2 33
59 66
36 73
66 69
54 89
32 97
83 99
26 65
39 68
72 96
35 86
39 91
46 74
43 96
50 66
33 52
80 84
52 56
42 53
78 84
67 85
59 68
84 99
58 75
62 79
72 86
47 59
34 70
41 64
67 81
52 63
25 87
1 20
