35 69 71 73 65 67 59 61 63 70 18 55 57 72 19 64 15 66 16 91 28 68 17 93 29 60 13 85 25 87 26 62 14 89 27 54 10 81 56 11 49 7 51 8 58 12 83 75 20 53 9 45 5 77 21 47 6 79 22 39 2 41 3 80 23 43 4 82 24 37 1 95 30 97 31 99 32 
18 69
19 71
20 73
16 65
17 67
13 59
14 61
15 63
11 55
12 57
29 91
30 93
26 85
27 87
28 89
24 81
8 49
9 51
25 83
21 75
10 53
6 45
22 77
7 47
23 79
3 39
4 41
5 43
1 35
2 37
31 95
32 97
17 69
18 71
19 73
15 65
16 67
12 59
13 61
14 63
18 70
10 55
11 57
19 72
15 64
16 66
28 91
17 68
29 93
13 60
25 85
26 87
14 62
27 89
10 54
23 81
11 56
7 49
8 51
12 58
24 83
20 75
9 53
5 45
21 77
6 47
22 79
2 39
3 41
23 80
4 43
24 82
1 37
30 95
31 97
32 99
