94 93 92 91 88 87 86 85 84 83 81 80 79 78 77 75 74 73 71 69 67 63 62 61 60 57 56 54 52 51 49 42 39 38 35 34 32 31 30 29 28 27 26 25 24 23 22 21 20 19 17 16 15 13 12 11 10 9 8 7 6 5 4 3 2 1 
2 94
6 93
92 94
13 91
9 88
25 87
86 93
15 85
84 85
83 84
32 81
1 80
1 79
16 78
75 77
75 85
71 74
22 73
24 71
2 69
52 67
32 63
1 62
19 61
60 61
31 57
22 56
9 54
11 52
51 92
1 49
21 42
11 39
7 38
20 35
34 35
23 32
10 31
30 94
29 91
9 28
22 27
26 91
24 25
24 26
23 94
22 52
3 21
19 20
19 86
17 24
16 17
15 92
2 12
11 12
10 11
5 9
8 12
7 8
6 74
1 5
1 4
2 3
2 4
1 29
