6 31 81 56 4 29 54 19 25 44 75 69 0 50 27 77 5 89 80 2 1 30 55 52 51 91 16 41 66 34 26 60 12 87 37 35 28 62 92 86 17 11 42 36 67 61 15 14 39 64 76 65 53 40 93 88 18 13 43 38 68 63 
2 6
27 31
77 81
52 56
2 4
27 29
52 54
13 19
25 26
38 44
75 76
63 69
0 1
50 51
2 5
27 30
77 80
52 55
5 13
80 88
30 38
55 63
26 27
76 77
53 60
5 14
51 53
80 89
1 2
12 13
30 39
26 28
55 64
51 52
87 88
37 38
88 91
13 16
38 41
63 66
26 34
15 26
60 61
11 12
86 87
36 37
28 35
61 62
86 92
11 17
36 42
61 67
14 15
39 40
64 65
65 76
40 53
88 93
13 18
38 43
63 68
