97 96 95 94 89 85 83 82 80 78 77 76 75 74 73 72 71 69 67 66 65 64 63 62 58 57 56 55 52 50 48 47 46 45 44 43 40 37 35 33 32 31 30 29 27 25 24 23 22 21 19 18 17 14 13 12 10 4 3 1 
57 97
66 96
10 95
57 94
57 89
66 85
52 83
43 82
10 80
66 78
17 77
57 76
24 75
74 75
73 95
58 72
52 71
69 80
50 67
64 65
64 77
14 63
18 62
40 58
57 75
50 56
55 57
14 52
50 96
43 48
47 65
22 46
44 45
44 52
43 52
18 40
22 37
35 74
33 74
32 33
31 89
30 78
29 62
27 48
18 25
14 24
23 24
22 63
21 24
19 78
18 85
4 17
14 66
12 13
12 24
10 85
4 57
3 13
1 58
