0 1 2 3 4 5 6 7 8 9 10 11 12 13 14 15 16 17 18 19 20 21 22 23 24 25 26 27 28 29 30 31 32 33 34 35 36 37 38 39 40 41 42 43 44 45 46 47 48 49 50 51 52 53 54 55 56 57 58 59 60 61 62 63 64 65 66 67 68 69 70 71 72 73 74 75 76 78 79 80 81 82 83 84 85 86 87 88 89 90 91 92 93 94 95 96 97 98 99 
0 26
3 36
21 89
2 31
13 65
18 80
10 57
12 62
21 88
17 78
16 73
0 27
23 96
22 92
23 95
7 47
8 49
14 67
17 76
5 40
37 39
14 68
3 35
10 56
0 25
8 50
21 90
19 83
24 99
8 51
53 75
6 43
16 74
9 52
22 93
19 82
11 59
7 48
9 53
55 60
3 34
11 58
1 30
70 74
31 35
10 55
14 69
40 61
2 33
20 86
26 42
19 84
87 95
15 70
2 32
41 67
7 46
49 71
36 39
31 44
12 61
74 80
56 91
76 84
25 54
47 55
72 89
45 63
82 94
93 99
35 95
69 81
26 79
49 83
83 98
48 68
64 83
29 99
12 63
47 85
13 64
35 47
52 62
20 85
72 85
30 93
70 91
57 62
60 83
60 93
25 62
11 60
59 66
85 97
28 46
38 48
6 7
4 10
