12 77 10 9 4 39 1 98 74 38 37 95 27 94 92 61 14 24 57 58 25 48 23 22 18 7 3 44 47 46 67 62 69 40 35 79 31 66 65 60 59 54 56 55 16 53 51 85 89 80 34 33 84 26 73 72 20 19 43 42 30 29 88 87 83 82 71 70 
7 9
10 12
89 92
74 77
12 14
77 79
9 10
3 4
67 69
39 40
37 39
1 3
66 67
95 98
73 74
35 37
37 38
31 33
60 62
94 95
54 55
26 27
48 51
20 22
58 59
92 94
60 61
14 16
23 24
24 25
55 57
56 58
25 26
47 48
22 23
16 18
3 7
43 44
44 46
46 47
62 67
69 70
40 42
34 35
85 87
79 80
30 31
65 66
59 60
53 54
55 56
16 19
51 53
84 85
88 89
80 82
33 34
83 84
26 29
71 72
72 73
19 20
42 43
29 30
87 88
82 83
70 71
