84 53 16 31 73 77 34 15 38 14 17 7 54 74 55 56 33 64 85 51 32 76 65 75 35 8 98 40 80 36 91 39 66 13 83 81 37 1 6 21 22 20 29 28 5 4 27 26 25 3 2 12 11 24 23 19 18 10 9 
16 39
14 37
14 15
14 35
16 40
15 16
13 14
37 84
15 32
33 53
16 17
15 31
35 73
14 36
15 33
36 77
6 7
15 34
14 38
17 18
7 8
33 54
35 74
33 55
33 56
13 64
37 85
32 51
36 76
13 65
35 75
8 9
40 98
12 13
36 80
39 91
13 66
37 83
37 81
1 2
5 6
21 22
20 21
25 26
27 28
22 23
19 20
3 4
10 11
28 29
4 5
26 27
24 25
2 3
11 12
23 24
18 19
9 10
