31 66 54 10 92 53 33 35 32 21 20 4 60 50 41 69 8 86 16 52 43 1 0 83 80 77 76 46 15 14 56 68 3 2 85 25 24 94 93 74 64 58 48 71 62 59 49 84 72 98 67 57 28 27 6 5 89 88 82 81 45 44 
31 41
66 67
41 52
3 4
1 2
0 10
24 33
54 64
10 20
83 92
44 53
32 33
58 69
25 35
35 46
32 41
20 21
77 98
50 60
4 14
60 71
71 72
74 84
48 57
41 50
59 69
15 25
80 81
8 27
76 86
15 16
16 27
43 52
83 93
5 14
0 1
82 83
71 80
76 77
45 46
46 56
14 15
56 67
67 68
2 3
85 94
67 98
24 25
93 94
64 74
48 58
62 71
49 59
72 84
88 98
57 67
27 28
5 6
88 89
81 82
44 45
