85 49 29 93 95 94 84 45 30 53 90 98 32 31 44 43 59 67 78 77 10 9 8 64 63 68 2 1 87 86 83 82 33 79 66 65 7 6 24 42 92 91 37 36 3 89 88 54 20 52 72 71 11 39 38 13 12 28 27 97 96 17 16 81 80 60 70 69 46 62 61 76 75 5 4 35 34 21 58 57 15 14 19 18 23 22 41 40 48 47 74 73 51 50 56 55 26 25 
95 96
85 86
62 63
37 38
26 27
89 90
92 93
39 40
78 79
81 82
64 65
74 75
10 11
72 73
49 50
7 8
84 85
28 29
15 16
76 77
20 21
48 49
67 68
53 54
32 33
29 30
70 71
87 88
59 60
2 3
93 94
42 43
94 95
24 25
44 45
83 84
45 46
30 31
52 53
90 91
97 98
31 32
43 44
58 59
66 67
35 36
77 78
9 10
8 9
63 64
68 69
13 14
56 57
1 2
86 87
5 6
82 83
33 34
79 80
65 66
6 7
23 24
41 42
91 92
36 37
3 4
88 89
54 55
19 20
51 52
71 72
11 12
38 39
12 13
17 18
27 28
96 97
16 17
80 81
60 61
69 70
46 47
61 62
75 76
4 5
34 35
21 22
57 58
14 15
18 19
22 23
40 41
47 48
73 74
50 51
55 56
25 26
