56 53 49 48 43 13 44 12 15 10 17 38 35 8 6 7 9 2 36 42 40 3 74 76 72 71 54 1 0 11 63 67 65 66 16 37 33 57 28 21 58 27 59 61 60 93 77 24 14 97 88 64 90 69 84 87 30 80 78 81 82 47 
56 57
28 57
53 56
47 48
38 48
48 49
17 43
16 43
38 43
30 43
10 13
42 44
11 12
30 44
3 14
12 15
10 15
9 17
35 38
8 16
7 8
6 7
0 7
2 9
36 40
40 42
1 3
58 74
71 74
76 77
72 76
60 69
60 72
67 71
54 63
0 1
11 33
60 64
63 65
65 67
64 66
16 37
33 37
57 58
30 58
21 28
58 59
27 61
59 60
60 61
77 93
14 24
90 97
64 88
69 90
81 84
78 87
30 80
78 80
81 82
47 82
