58 46 48 47 54 53 55 50 49 52 51 39 40 42 41 84 38 59 36 95 94 88 57 89 56 11 68 92 85 37 70 79 15 14 8 2 3 5 4 25 82 81 45 76 1 0 60 65 26 27 29 28 31 30 22 24 23 16 17 19 18 21 20 35 34 73 69 64 80 61 13 12 72 71 63 62 33 32 7 6 
56 59
56 57
56 58
46 59
48 59
47 59
54 59
53 59
55 59
50 59
49 59
52 59
51 59
39 40
38 39
40 41
41 42
84 88
38 84
0 59
69 70
70 71
35 36
36 37
31 32
33 34
85 89
94 95
92 94
57 88
56 89
11 12
12 68
82 92
37 85
70 81
79 80
13 14
15 16
14 15
7 8
1 2
2 3
3 4
5 6
4 5
24 25
25 26
81 82
0 45
72 76
0 1
35 60
60 61
61 62
63 64
64 65
26 27
27 28
29 30
28 29
30 31
21 22
22 23
23 24
16 17
17 18
19 20
18 19
20 21
34 35
72 73
64 69
61 80
12 13
71 72
62 63
32 33
6 7
