99 98 94 93 92 91 90 89 88 87 86 85 83 82 79 77 75 74 70 69 68 67 66 64 63 62 61 60 59 58 57 56 55 50 48 47 45 44 43 42 39 35 34 31 30 29 28 27 26 25 23 22 21 20 19 18 12 11 9 8 7 6 5 2 1 
98 99
31 98
90 94
92 93
92 94
90 91
56 90
9 89
85 88
87 88
85 86
85 89
82 83
21 82
77 79
77 86
26 75
62 74
70 74
66 69
67 68
67 69
66 91
57 64
63 64
62 64
60 61
60 63
58 59
55 58
55 57
56 59
5 55
39 50
47 48
47 70
45 48
43 44
42 43
42 62
35 39
35 68
6 34
31 34
30 34
25 29
28 89
27 28
26 29
25 28
20 23
20 22
21 22
20 87
19 90
18 19
11 12
11 63
5 9
5 8
7 8
5 6
2 93
1 2
