99 98 97 96 95 94 93 92 91 90 89 88 87 86 85 84 83 82 81 80 79 78 77 76 75 74 73 72 71 70 69 68 67 66 65 64 63 62 61 60 59 58 57 56 55 54 53 52 51 50 49 48 47 46 45 44 43 42 41 40 39 38 37 36 35 34 33 32 31 30 29 28 27 26 25 24 23 22 21 20 19 18 17 16 15 14 13 12 11 10 9 8 7 6 5 4 3 2 1 0 
41 99
31 98
69 97
23 96
38 95
23 94
41 93
45 92
65 91
39 90
21 89
34 88
38 87
20 86
20 85
37 84
29 83
76 82
81 90
80 97
79 87
17 78
17 77
42 76
39 75
44 74
26 73
15 72
69 71
15 70
14 69
14 68
36 67
13 66
38 65
13 64
63 71
12 62
61 67
60 94
37 59
11 58
28 57
27 56
10 55
54 86
9 53
52 76
40 51
50 77
49 97
48 74
39 47
37 46
6 45
35 44
6 43
34 42
5 41
5 40
4 39
36 38
4 37
3 35
3 34
33 34
2 32
2 31
1 30
29 35
1 28
0 27
26 29
25 29
24 97
23 95
22 91
21 88
20 87
19 83
18 79
17 76
16 73
15 71
14 67
13 65
12 61
11 59
10 56
9 52
8 14
3 7
6 44
5 42
4 38
3 36
2 33
1 29
0 26
