51 92 42 82 45 66 11 33 53 6 91 87 20 40 1 70 4 97 28 62 26 2 68 36 39 15 80 60 34 79 64 74 46 95 73 83 67 38 3 72 27 10 8 18 5 89 77 21 52 17 37 30 7 43 12 48 24 81 35 44 0 86 14 99 93 55 56 23 
51 87
10 51
26 42
2 68
11 68
3 92
42 55
45 82
4 45
81 89
79 81
66 74
3 53
14 80
11 87
62 64
23 33
0 53
6 64
40 80
73 91
40 91
87 97
20 60
52 70
12 23
1 40
28 70
4 8
34 97
39 93
10 89
28 67
26 62
2 36
44 68
8 67
21 27
36 83
15 39
60 80
7 34
64 79
14 74
17 46
44 95
38 73
5 83
38 67
3 37
27 72
8 10
5 18
77 89
21 30
86 99
17 52
30 37
7 48
12 43
24 48
35 81
0 44
14 86
93 99
55 56
23 56
