99 98 97 96 95 94 93 92 91 90 89 88 87 86 85 84 83 82 81 80 79 78 77 76 75 74 73 72 71 70 68 65 61 59 58 53 52 51 49 48 47 46 42 41 40 39 38 37 34 32 31 30 29 28 27 24 21 20 19 18 17 16 15 14 11 10 9 8 7 2 1 0 
98 99
97 98
96 97
95 96
85 95
94 95
93 94
92 93
91 92
90 91
89 99
87 88
86 87
85 86
84 85
83 84
82 83
81 82
80 90
79 89
78 88
76 77
75 76
74 75
74 85
73 74
72 73
71 81
70 80
68 78
65 75
61 71
58 59
58 68
52 53
41 52
51 61
49 59
48 58
47 58
46 47
42 51
41 51
40 41
39 49
38 48
37 47
24 34
32 42
31 41
30 40
29 39
28 38
27 37
15 24
21 31
20 30
19 29
18 28
17 18
16 17
15 16
14 15
11 21
10 20
9 19
8 9
7 8
1 2
0 1
0 10
