99 98 97 96 95 94 93 92 91 90 89 88 87 86 85 84 83 82 81 80 79 78 77 76 75 74 73 72 71 70 69 68 67 66 65 64 63 62 61 60 59 58 57 56 55 54 53 52 51 50 49 48 47 46 45 44 43 42 41 40 39 38 37 36 35 34 33 32 31 30 29 28 27 26 25 24 23 22 21 20 19 18 17 16 15 14 13 12 11 10 9 8 7 6 5 4 3 2 1 0 
24 99
24 98
24 97
23 96
80 95
23 94
58 93
66 92
78 91
21 90
79 89
21 88
72 87
65 86
60 85
19 84
83 95
19 82
18 81
18 79
17 78
77 80
17 76
75 76
64 74
51 73
38 72
34 71
48 70
48 69
65 68
53 67
13 66
13 65
59 64
59 63
62 76
12 61
11 60
59 81
11 58
10 57
10 56
55 80
9 54
9 53
52 55
8 51
8 50
8 49
7 48
47 52
7 46
6 45
34 44
27 43
42 61
41 89
40 58
39 56
38 58
37 53
26 36
3 35
34 94
33 55
2 32
2 31
30 96
29 34
1 28
27 57
26 56
25 65
18 24
23 95
22 91
21 89
20 85
19 83
18 80
17 77
16 74
15 72
14 69
13 64
12 63
11 59
10 55
9 52
8 18
7 47
6 43
5 40
4 18
3 34
2 33
1 18
0 27
