99 98 97 96 95 94 93 92 91 90 89 88 87 86 85 84 83 82 81 80 79 78 77 76 75 74 73 72 71 70 69 68 67 66 65 64 63 62 61 60 59 58 57 56 55 54 53 52 51 50 49 48 47 46 45 44 43 42 41 40 39 38 37 36 35 34 33 32 31 30 29 28 27 26 25 24 23 22 21 20 19 18 17 16 15 14 13 12 11 10 9 8 7 6 5 4 3 2 1 0 
89 99
88 98
87 97
86 96
85 95
84 94
93 94
92 93
81 91
80 90
88 89
77 88
77 87
85 86
75 85
74 84
83 84
82 83
72 81
80 81
78 79
77 78
66 77
75 76
65 75
74 75
73 74
63 72
71 72
70 80
68 69
58 68
57 67
65 66
55 65
54 64
53 63
52 62
51 61
50 60
58 59
57 58
56 57
55 56
54 55
53 54
52 53
51 52
50 51
49 59
47 48
47 57
45 46
45 55
44 54
43 44
42 52
41 42
40 50
39 49
38 48
37 47
27 36
35 45
34 35
33 34
32 42
31 41
30 40
27 29
28 38
27 37
25 26
25 35
24 25
23 24
22 33
21 22
20 21
18 19
18 27
17 27
15 16
15 25
14 24
13 14
12 22
11 22
10 11
8 9
8 18
6 7
5 6
5 15
4 5
3 4
2 12
1 11
0 1
