99 98 97 96 95 94 93 92 91 90 89 88 87 86 85 84 83 82 81 80 79 78 77 76 75 74 73 72 71 70 69 68 67 66 65 64 63 62 61 60 59 58 57 56 55 54 53 52 51 50 49 48 47 46 45 44 43 42 41 40 39 38 37 36 35 34 33 32 31 30 29 28 27 26 25 24 23 22 21 20 19 18 17 16 15 14 13 12 11 10 9 8 7 6 5 4 3 2 1 0 
0 99
0 98
0 97
0 96
0 95
0 94
0 93
0 92
0 91
0 90
0 89
0 88
0 87
0 86
0 85
0 84
0 83
0 82
0 81
0 80
0 79
0 78
0 77
0 76
0 75
0 74
0 73
0 72
0 71
0 70
0 69
0 68
0 67
0 66
0 65
0 64
0 63
0 62
0 61
43 60
7 59
9 58
53 57
18 56
0 55
25 54
22 53
52 60
25 51
11 50
42 49
48 59
27 47
46 49
37 45
44 99
43 98
42 97
41 96
40 95
39 94
38 93
37 92
36 91
35 90
34 89
33 88
32 51
31 86
30 85
29 84
2 28
27 83
26 82
25 55
24 80
23 25
22 78
21 77
20 76
19 38
18 74
17 73
16 18
15 28
14 72
13 71
12 70
11 69
10 68
9 55
8 66
7 65
6 64
5 63
4 31
3 6
0 2
1 38
