0 2 3 4 5 6 7 8 9 10 11 12 13 14 15 16 17 18 19 20 21 22 23 24 25 26 27 28 29 30 31 32 33 34 35 36 37 38 39 40 41 42 43 44 45 46 47 48 49 50 51 52 53 54 55 56 57 58 59 60 61 62 63 64 65 66 67 68 69 70 71 72 73 74 75 76 77 78 79 80 81 82 83 84 85 86 87 88 89 90 91 92 93 94 95 96 97 98 99 
8 49
7 48
21 89
19 84
4 38
39 85
5 40
23 94
17 77
10 55
12 63
21 90
11 59
22 91
0 26
0 25
18 79
24 97
2 31
16 73
9 54
16 74
11 58
12 62
8 50
23 95
8 51
13 65
86 96
14 69
24 99
84 96
20 87
22 93
10 56
17 78
42 99
3 34
13 64
40 50
15 71
19 82
3 35
4 39
62 92
20 86
28 56
12 61
23 96
15 70
21 88
6 44
33 65
11 60
9 53
25 73
31 89
45 83
17 76
47 91
68 82
80 98
57 65
52 90
32 85
41 50
2 33
9 52
75 95
6 43
6 45
70 72
27 97
52 93
84 88
66 82
42 48
2 32
25 52
24 98
60 63
34 41
31 77
29 95
90 99
37 48
33 36
67 96
45 89
31 70
46 62
76 81
61 89
25 79
30 73
50 89
14 21
10 21
