99 98 97 96 95 94 90 89 88 87 82 81 80 77 76 74 73 72 71 70 69 68 67 66 65 64 63 62 61 60 59 58 57 56 55 54 53 52 51 50 49 48 44 43 42 41 40 39 38 37 33 32 31 30 29 26 25 23 19 18 17 16 13 12 10 9 8 7 6 4 
41 42
53 54
4 13
6 7
7 8
8 9
9 10
12 17
12 13
16 17
17 18
18 19
10 19
6 23
25 30
30 31
31 48
31 32
32 33
37 38
38 39
30 39
39 40
40 41
42 43
43 44
48 49
18 49
50 55
51 57
51 52
50 54
55 56
56 73
56 57
57 58
58 59
59 60
61 62
62 63
63 64
55 64
64 65
65 66
66 67
67 68
69 70
70 71
71 72
72 73
73 74
40 74
76 82
76 77
80 81
81 98
81 82
87 88
88 89
80 89
89 90
94 95
95 96
96 97
97 98
98 99
65 99
25 26
29 38
