93 89 45 0 5 69 3 2 9 8 7 72 96 32 90 4 10 78 6 34 24 23 22 57 56 28 27 31 19 99 1 21 20 13 76 75 30 29 14 16 15 12 11 84 42 41 48 54 53 61 60 65 64 35 81 80 36 38 37 86 85 50 49 
1 2
56 93
4 20
3 4
45 56
84 89
4 5
31 60
45 65
8 9
34 78
9 10
0 1
5 6
23 28
31 48
6 7
69 72
32 54
2 3
10 11
9 85
29 76
28 29
7 8
4 57
1 72
23 96
31 32
4 90
10 28
12 13
6 78
34 80
34 35
23 24
22 23
56 57
42 76
27 28
30 31
19 20
1 99
20 21
13 14
75 76
29 30
14 15
15 16
11 12
84 85
41 42
48 49
53 54
60 61
64 65
35 36
80 81
36 37
37 38
85 86
49 50
