99 98 97 96 95 94 93 92 91 90 89 88 87 86 85 84 83 82 81 80 79 78 77 76 75 74 73 72 71 70 69 68 67 66 65 64 63 62 61 60 59 58 57 56 55 54 53 52 51 50 49 48 47 46 45 44 43 42 41 40 39 38 37 36 35 34 33 32 31 30 29 28 27 26 25 24 23 22 21 20 19 18 17 16 15 14 13 12 11 10 9 8 7 6 5 4 3 2 1 0 
24 99
67 98
24 97
23 96
78 95
40 94
57 93
22 92
22 91
57 90
21 89
21 88
28 87
86 98
85 88
19 84
44 83
69 82
18 81
18 80
55 79
17 78
17 77
56 76
16 75
16 74
57 73
72 78
71 92
60 70
14 69
14 68
56 67
52 66
13 65
64 77
43 63
62 68
27 61
11 60
59 88
11 58
10 57
10 56
10 55
9 54
53 55
52 67
51 85
36 50
37 49
48 57
43 47
7 46
6 45
44 48
43 53
5 42
41 69
40 90
39 43
38 73
4 37
36 53
35 68
3 34
33 48
32 91
31 60
25 30
29 77
28 43
0 27
0 26
25 55
24 98
23 95
22 93
21 90
20 85
19 82
18 79
17 76
16 73
15 72
14 67
13 66
12 61
11 59
9 53
8 50
7 48
6 43
5 41
4 38
3 36
2 31
1 30
0 25
