96 94 92 91 88 87 86 85 82 79 78 75 73 72 70 69 67 66 65 63 62 61 60 59 58 57 56 55 54 53 52 51 50 49 48 47 46 45 44 43 42 41 40 39 38 37 36 35 34 33 32 31 30 29 28 27 26 24 23 22 20 17 16 15 13 12 11 7 4 3 
3 7
4 7
7 12
11 16
12 17
12 13
11 15
16 20
17 22
20 23
22 24
23 26
24 27
26 30
27 30
28 31
29 30
30 34
30 31
32 33
33 34
34 39
30 35
35 36
37 41
34 38
39 42
35 40
36 41
42 46
44 45
40 45
43 46
45 47
46 48
47 49
48 50
51 54
52 53
50 53
54 57
54 55
56 57
53 57
57 58
59 60
60 61
57 61
57 62
62 63
61 65
61 66
62 67
66 69
66 70
67 72
69 73
73 75
75 78
79 82
78 82
85 86
82 86
82 87
87 88
86 91
87 92
91 94
92 96
