98 97 96 95 94 93 92 91 90 89 88 87 86 85 84 83 82 81 80 79 78 77 76 75 74 73 72 71 70 69 68 67 66 65 64 63 62 61 60 59 58 57 56 55 54 53 52 51 50 49 48 47 46 45 44 43 42 41 40 39 38 37 36 35 34 33 32 31 30 29 28 27 26 25 24 23 22 21 20 19 18 17 16 15 14 13 12 11 10 9 8 7 6 5 4 3 2 1 0 
0 98
45 97
13 96
94 95
93 94
60 93
32 92
16 91
89 90
88 89
87 88
86 87
30 86
84 85
83 84
82 83
29 82
81 82
80 81
79 80
78 79
77 78
76 77
74 75
25 74
73 74
71 72
71 87
70 71
69 70
67 68
58 67
66 79
65 80
64 65
62 63
61 62
18 61
60 61
59 60
58 59
57 58
56 57
33 55
53 54
23 53
52 53
50 51
49 50
49 81
48 63
46 47
20 46
45 46
17 44
43 44
42 43
12 41
27 40
39 40
37 38
37 59
36 37
35 47
33 34
32 33
31 32
30 31
29 30
28 29
27 28
26 27
25 26
24 25
22 23
21 22
20 21
19 20
19 83
18 19
17 18
16 17
15 16
14 43
12 13
11 12
10 11
10 26
9 10
8 9
6 7
6 11
5 6
3 4
2 3
1 2
1 21
0 1
