98 96 95 78 77 76 75 74 73 72 71 66 65 62 61 60 59 58 57 56 55 54 53 52 51 50 49 48 47 46 45 44 43 42 41 40 39 38 37 36 35 34 33 32 31 30 29 28 27 26 25 24 23 14 13 12 11 10 9 8 7 6 5 4 3 2 1 0 
61 98
60 96
60 95
51 78
51 77
50 76
50 75
49 74
49 73
48 72
48 71
45 66
45 65
43 62
42 61
42 60
41 59
41 58
40 57
40 56
39 55
39 54
38 53
38 52
37 51
37 50
36 49
36 48
35 47
35 46
34 45
34 44
33 43
33 42
32 41
32 40
31 39
31 38
25 37
30 36
29 35
29 34
28 33
27 31
30 37
26 29
28 32
25 27
26 28
25 26
24 25
11 23
6 14
6 13
5 12
11 24
4 10
4 9
3 8
3 7
2 6
5 11
1 4
1 3
2 5
0 1
0 2
