98 97 96 95 94 93 92 91 90 89 88 87 86 85 84 83 82 81 80 79 78 77 76 75 74 73 72 71 70 69 68 67 66 65 64 63 62 61 60 59 58 57 56 55 54 53 52 51 50 49 48 47 46 45 44 43 42 41 40 39 38 37 36 35 34 33 32 31 30 29 28 27 26 25 24 23 22 21 20 19 18 17 16 15 14 13 12 11 10 9 8 7 6 5 4 3 2 1 0 
32 98
32 97
31 96
31 95
30 94
93 95
29 92
29 91
28 90
28 89
27 88
27 87
26 86
26 85
25 84
25 83
24 82
24 81
23 80
23 79
22 78
22 77
21 76
21 75
74 76
20 73
19 72
19 71
18 70
18 69
17 68
17 67
16 66
16 65
15 64
15 63
14 62
14 61
13 60
13 59
12 58
12 57
54 56
53 55
10 54
10 53
9 52
9 51
8 50
8 49
7 48
7 47
6 46
6 45
5 44
5 43
4 42
41 43
38 40
3 39
2 38
2 37
1 36
33 35
0 34
0 33
2 32
2 31
2 30
2 29
2 28
2 27
2 26
2 25
2 24
2 23
2 22
2 21
2 20
2 19
2 18
2 17
2 16
2 15
2 14
2 13
2 12
2 11
2 10
2 9
2 8
2 7
2 6
2 5
2 4
2 3
1 2
0 2
