99 98 97 96 95 94 93 92 91 90 89 88 87 86 85 84 83 82 81 80 79 78 77 76 75 74 73 72 71 70 69 68 67 66 65 64 63 62 61 60 59 58 57 56 55 54 53 52 51 50 49 48 47 46 45 44 43 42 41 40 39 38 37 36 35 34 33 32 31 30 29 28 27 26 25 24 23 22 21 20 19 18 17 16 15 14 13 12 11 10 9 8 7 6 5 4 3 2 1 0 
39 99
73 98
35 97
26 96
34 95
35 94
88 93
22 92
22 91
21 90
21 89
75 88
58 87
20 86
35 85
19 84
39 83
37 82
43 81
41 80
79 87
78 89
17 77
17 76
16 75
16 73
68 72
15 71
15 70
14 69
68 73
14 67
13 66
58 65
13 64
50 63
62 93
30 61
60 74
59 74
11 58
10 57
56 75
55 74
54 84
53 57
52 83
8 51
8 50
49 56
48 76
40 47
46 91
6 45
44 68
43 52
38 42
41 90
40 93
39 75
4 38
4 37
36 75
3 35
3 34
33 35
2 32
31 97
30 36
1 29
1 28
27 73
0 26
0 25
24 99
23 95
22 93
21 88
20 87
19 83
18 80
17 78
16 74
15 72
14 68
13 65
12 62
11 60
10 56
9 52
8 49
7 46
6 44
5 42
4 39
3 36
2 33
1 30
0 27
