99 98 97 96 95 94 93 92 91 90 89 88 87 86 85 84 83 82 81 80 79 78 77 76 75 74 73 72 71 70 69 68 67 66 65 64 63 62 61 60 59 58 57 56 55 54 53 52 51 50 49 48 47 46 45 44 43 42 41 40 39 38 37 36 35 34 33 32 31 30 29 28 27 26 25 24 23 22 21 20 19 18 17 16 15 14 13 12 11 10 9 8 7 6 5 4 3 2 1 0 
0 99
0 98
0 97
0 96
0 95
0 94
0 93
0 92
0 91
0 90
0 89
0 88
0 87
0 86
0 85
0 84
0 83
0 82
0 81
0 80
0 79
0 78
0 77
0 76
0 75
0 74
0 73
0 72
0 71
0 70
0 69
0 68
0 67
0 66
0 65
0 64
0 63
0 62
13 61
47 60
20 59
9 58
57 58
11 56
16 55
24 54
37 53
52 99
51 98
50 97
49 50
48 96
39 47
46 95
45 94
44 93
2 43
42 91
24 41
19 40
39 89
27 38
37 41
36 88
24 35
34 87
33 86
24 32
31 84
27 30
22 29
28 82
27 81
20 26
0 25
0 24
23 54
22 42
21 78
20 77
19 76
18 44
17 75
16 74
15 41
14 72
13 71
12 70
9 11
5 10
9 25
8 68
7 67
6 66
5 37
4 64
3 33
0 2
1 36
