99 98 97 96 95 94 93 92 91 90 89 88 87 86 85 84 83 82 81 80 79 78 77 76 75 74 73 72 71 70 69 68 67 66 65 64 63 62 61 60 59 58 57 56 55 54 53 52 51 50 49 48 47 46 45 44 43 42 41 40 39 38 37 36 35 34 33 32 31 30 29 28 27 26 25 24 23 22 21 20 19 18 17 16 15 14 13 12 11 10 9 8 7 6 5 4 3 2 1 0 
24 99
24 98
24 97
23 96
45 95
93 94
22 93
90 92
22 91
21 90
21 89
21 88
83 87
20 86
20 85
84 90
19 83
19 82
32 81
62 80
79 85
46 78
66 77
70 76
16 75
74 88
16 73
72 89
15 71
15 70
14 69
14 68
67 82
13 66
13 65
64 89
12 63
45 62
61 67
60 75
59 65
45 58
35 57
56 91
26 55
9 54
9 53
34 52
8 51
44 50
31 49
7 48
7 47
46 72
45 92
6 44
6 43
5 42
5 41
5 40
39 72
38 64
4 37
3 36
3 35
34 89
33 84
32 89
2 31
1 30
1 29
28 32
27 74
0 26
0 25
21 24
23 95
22 92
20 21
19 84
18 81
17 77
16 74
15 72
14 21
13 64
12 62
11 59
10 56
9 52
8 49
7 46
6 45
5 21
4 38
3 34
2 32
1 28
0 27
