51 50 59 56 57 53 60 82 81 61 78 73 88 80 62 89 87 79 83 76 74 49 46 43 44 90 70 45 68 40 71 47 85 75 69 64 33 63 66 36 31 65 34 91 67 39 15 7 84 72 86 77 13 6 52 26 10 4 5 2 42 21 92 93 0 
51 73
52 74
50 73
59 77
56 76
57 76
66 81
53 74
65 80
69 82
68 82
64 80
67 81
60 78
82 89
86 91
81 88
87 91
85 90
89 92
61 78
84 90
78 87
73 84
88 92
80 88
62 79
83 89
63 79
79 87
70 83
71 83
76 86
74 85
49 72
46 71
43 69
44 70
90 93
45 70
40 68
47 71
75 85
42 69
33 64
31 63
36 66
15 31
34 65
91 93
13 26
39 67
7 15
10 21
72 84
77 86
6 13
26 52
5 10
2 4
2 5
21 42
0 92
0 93
