99 98 97 96 95 94 93 92 91 90 89 88 87 86 85 84 83 82 81 80 79 78 77 76 75 74 73 72 71 70 69 68 67 66 65 64 63 62 61 60 59 58 57 56 55 54 53 52 51 50 49 48 47 46 45 44 43 42 41 40 39 38 37 36 35 34 33 32 31 30 29 28 27 26 25 24 23 22 21 20 19 18 17 16 15 14 13 12 11 10 9 8 7 6 5 4 3 2 1 0 
0 99
0 98
0 97
0 96
0 95
0 94
0 93
0 92
0 91
0 90
0 89
0 88
0 87
0 86
0 85
0 84
0 83
0 82
0 81
0 80
0 79
0 78
0 77
0 76
0 75
0 74
0 73
0 72
0 71
0 70
0 69
0 68
0 67
0 66
0 65
15 64
0 63
6 62
60 64
25 59
43 58
5 57
7 56
55 59
6 54
7 53
52 58
2 51
28 50
18 49
45 48
9 47
16 46
26 45
44 99
43 48
42 98
41 97
26 40
39 64
38 95
19 37
3 36
12 35
34 42
25 33
32 91
31 36
30 89
29 88
28 87
27 86
26 61
25 63
11 24
23 42
2 22
21 30
20 44
19 81
18 36
14 17
16 78
15 77
14 76
13 75
12 74
11 73
10 63
9 21
8 71
7 27
6 70
5 69
4 14
3 61
2 66
1 12
0 61
