99 98 97 96 95 94 93 92 91 90 89 88 87 86 85 84 83 82 81 80 79 75 74 70 69 65 64 60 55 50 49 44 41 39 38 37 36 33 32 31 28 27 26 23 22 21 19 18 17 16 15 14 13 12 11 10 9 8 7 6 5 4 3 2 1 0 
96 99
97 98
96 97
93 96
95 96
91 94
92 93
91 92
88 91
90 91
86 89
87 88
86 87
85 87
83 84
83 86
82 83
81 82
80 82
79 84
75 80
74 79
70 75
69 74
65 70
64 69
60 65
55 60
50 55
44 49
39 44
38 41
36 39
37 38
36 37
33 36
32 33
31 32
28 31
27 28
26 27
23 26
22 23
21 22
18 21
16 19
17 18
16 17
13 16
15 16
11 14
12 13
11 12
8 11
10 11
6 9
7 8
6 7
3 6
5 6
2 4
2 3
1 2
1 98
0 1
