59 58 57 56 55 54 53 52 51 50 49 48 47 46 45 44 43 42 41 40 39 38 37 36 35 34 33 32 31 30 29 28 27 26 25 24 23 22 21 20 19 18 17 16 15 14 13 12 11 10 9 8 7 6 5 4 3 2 1 0 
52 59
57 58
56 57
55 56
54 55
33 54
53 54
52 53
51 52
50 51
49 50
47 48
46 47
7 46
45 46
43 44
42 43
41 42
37 41
39 40
38 39
35 38
37 38
35 36
34 35
33 34
32 33
31 32
29 30
11 29
28 29
26 27
25 26
24 25
24 36
22 23
21 22
20 21
4 20
19 20
18 19
3 17
16 17
15 16
9 14
12 13
11 12
8 11
10 13
8 9
7 8
0 7
5 6
4 5
3 4
2 3
1 2
1 34
0 1
