99 98 97 96 95 94 93 92 91 90 89 88 87 86 85 84 83 82 81 80 79 78 77 76 75 74 73 72 71 70 69 68 67 66 65 64 63 62 61 60 59 58 57 56 55 54 53 52 51 50 49 48 47 46 45 44 43 42 41 40 39 38 37 36 35 34 33 32 31 30 29 28 27 26 25 24 23 22 21 20 19 18 17 16 15 14 13 12 11 10 9 8 7 6 5 4 3 2 1 0 
0 99
0 98
0 97
0 96
0 95
0 94
0 93
0 92
0 91
0 90
0 89
0 88
0 87
0 86
0 85
0 84
0 83
0 82
0 81
0 80
0 79
0 78
0 77
0 76
0 75
0 74
0 73
0 72
0 71
0 70
0 69
0 68
0 67
0 66
0 65
0 64
0 63
0 62
0 61
56 60
59 99
46 58
54 57
54 56
55 97
23 54
9 53
52 96
51 95
50 94
16 49
48 93
8 47
46 92
45 91
44 90
43 89
42 88
41 87
32 40
39 86
38 43
37 85
0 36
35 50
34 84
33 83
32 82
31 81
30 57
29 80
28 79
27 29
26 78
25 77
21 24
0 23
22 48
21 76
20 75
19 54
18 73
17 72
16 71
15 70
14 69
13 15
12 68
11 67
10 66
9 32
8 65
7 12
6 64
5 63
4 42
3 62
2 44
1 54
