99 98 97 96 95 94 93 92 91 90 89 88 87 86 85 84 83 82 81 80 79 78 77 76 75 74 73 72 71 70 69 68 67 66 65 64 63 62 61 60 59 58 57 56 55 54 53 52 51 50 49 48 47 46 45 44 43 42 41 40 39 38 37 36 35 34 33 32 31 30 29 28 27 26 25 24 23 22 21 20 19 18 17 16 15 14 13 12 11 10 9 8 7 6 5 4 3 2 1 0 
0 99
0 98
0 97
0 96
0 95
0 94
0 93
0 92
0 91
0 90
0 89
0 88
0 87
0 86
0 85
0 84
0 83
0 82
0 81
0 80
0 79
0 78
0 77
0 76
0 75
0 74
0 73
58 72
19 71
18 70
65 69
0 68
6 67
56 66
47 65
9 64
63 68
41 62
61 68
16 60
6 59
58 59
57 59
28 56
54 55
35 54
11 53
39 52
51 61
3 50
2 49
37 48
17 47
30 46
13 45
44 99
28 43
42 68
36 41
40 42
13 39
38 95
37 38
36 94
0 35
4 34
33 34
8 32
22 31
30 70
29 91
28 90
27 89
26 38
25 70
24 88
8 23
22 87
21 86
20 64
19 85
18 84
17 83
16 82
15 63
14 58
13 68
12 72
3 11
10 79
9 78
8 77
7 18
6 75
5 21
4 46
3 74
2 70
1 73
