99 98 97 96 95 94 93 92 91 90 89 88 87 86 85 84 83 82 81 80 79 78 77 76 75 74 73 72 71 70 69 68 67 66 65 64 63 62 61 60 59 58 57 56 55 54 53 52 51 50 49 48 47 46 45 44 43 42 41 40 39 38 37 36 35 34 33 32 31 30 29 28 27 26 25 24 23 22 21 20 19 18 17 16 15 14 13 12 11 10 9 8 7 6 5 4 3 2 1 0 
0 99
0 98
0 97
0 96
0 95
0 94
0 93
0 92
0 91
0 90
0 89
0 88
0 87
0 86
0 85
0 84
0 83
0 82
0 81
0 80
0 79
0 78
0 77
0 76
0 75
0 74
0 73
0 72
0 71
0 70
0 69
0 68
0 67
0 66
0 65
0 64
0 63
0 62
0 61
0 60
0 59
30 58
10 57
56 98
55 97
54 96
53 58
10 52
51 94
10 50
31 49
48 92
16 47
5 46
1 45
44 90
1 43
42 89
11 41
10 40
39 52
38 86
0 37
36 84
35 52
34 83
33 82
32 81
31 80
30 79
29 78
28 77
27 76
26 75
20 25
24 25
23 73
22 40
21 71
0 20
19 33
18 40
17 69
16 68
4 15
14 18
13 66
12 45
11 57
10 20
9 50
8 62
7 9
6 61
5 37
4 24
3 13
2 30
1 59
