99 98 97 96 95 94 93 92 91 90 89 88 87 86 85 84 83 82 81 80 79 78 77 76 75 74 73 72 71 70 69 68 67 66 65 64 63 62 61 60 59 58 57 56 55 54 53 52 51 50 49 48 47 46 45 44 43 42 41 40 39 38 37 36 35 34 33 32 31 30 29 28 27 26 25 24 23 22 21 20 19 18 17 16 15 14 13 12 11 10 9 8 7 6 5 4 3 2 1 0 
12 99
10 98
9 97
8 96
7 95
4 94
2 93
1 92
1 91
1 90
1 89
1 88
1 87
1 86
1 85
27 84
1 83
1 82
1 81
1 80
22 79
1 78
1 77
15 76
14 75
1 74
1 73
1 72
1 71
4 70
1 69
1 68
0 67
0 66
0 65
0 64
0 63
0 62
0 61
0 60
0 59
0 58
0 57
0 56
0 55
0 54
22 53
0 52
0 51
0 50
0 49
14 48
0 47
0 46
0 45
0 44
0 43
0 42
0 41
0 40
0 39
0 38
8 37
36 66
35 65
34 64
33 63
32 62
31 61
30 60
29 59
28 58
14 27
26 57
25 56
24 55
23 54
14 22
21 52
20 51
19 30
18 23
17 50
10 16
4 15
13 26
12 47
11 46
10 45
9 44
0 8
7 42
6 41
5 40
4 14
3 16
2 94
1 75
0 14
