99 98 97 96 95 94 93 92 91 90 89 88 87 86 85 84 83 82 81 80 79 78 77 76 75 74 73 72 71 70 69 68 67 66 65 64 63 62 61 60 59 58 57 56 55 54 53 52 51 50 49 48 47 46 45 44 43 42 41 40 39 38 37 36 35 34 33 32 31 30 29 28 27 26 25 24 23 22 21 20 19 18 17 16 15 14 13 12 11 10 9 8 7 6 5 4 3 2 1 0 
0 99
0 98
0 97
0 96
0 95
0 94
0 93
0 92
0 91
0 90
0 89
0 88
0 87
0 86
0 85
0 84
0 83
0 82
0 81
0 80
0 79
0 78
0 77
0 76
0 75
0 74
5 73
12 72
6 71
13 70
69 70
68 71
34 67
8 66
54 65
40 64
53 63
1 62
4 61
16 60
32 59
2 58
0 57
23 56
30 55
45 54
53 67
1 52
16 51
43 50
49 71
8 48
47 58
9 46
4 45
44 61
40 43
10 42
16 41
31 40
39 58
29 38
16 37
4 36
8 35
13 34
33 44
13 32
31 57
30 37
29 98
28 58
27 97
26 57
25 96
2 24
23 94
22 93
21 92
20 40
19 90
18 31
17 88
16 87
15 86
14 85
13 84
12 19
11 83
10 82
9 81
8 80
7 79
6 78
5 72
4 77
3 76
2 75
1 74
