99 98 97 96 95 94 93 92 91 90 89 88 87 86 85 84 83 82 81 80 79 78 77 76 75 74 73 72 71 70 69 68 67 66 65 64 63 62 61 60 59 58 57 56 55 54 53 52 51 50 49 48 47 46 45 44 43 42 41 40 39 38 37 36 35 34 33 32 31 30 29 28 27 26 25 24 23 22 21 20 19 18 17 16 15 14 13 12 11 10 9 8 7 6 5 4 3 2 1 0 
60 99
98 99
24 97
72 96
23 95
23 94
22 93
74 92
39 91
90 99
54 89
21 88
25 87
72 86
67 85
84 99
83 99
19 82
67 81
80 84
62 79
78 84
71 77
17 76
58 75
16 74
16 73
72 75
15 71
15 70
66 69
59 68
14 67
59 66
13 65
13 64
52 63
62 90
12 61
11 60
11 59
10 57
52 56
10 55
9 54
9 53
52 59
8 51
50 66
8 49
7 48
47 59
46 74
6 45
6 44
43 96
42 53
41 64
40 65
39 68
38 98
4 37
36 73
35 86
34 70
33 52
32 97
2 31
30 58
1 29
1 28
0 27
26 65
25 74
24 99
23 96
22 92
21 90
1 20
19 83
18 80
17 77
16 75
15 72
14 68
13 66
12 62
11 58
10 56
9 52
8 50
7 47
6 43
5 42
4 39
3 36
2 33
1 30
0 25
