56 50 22 20 26 24 29 8 57 88 81 66 44 27 96 60 58 12 10 38 68 35 42 40 72 70 21 32 13 11 18 36 34 78 94 55 53 71 98 91 82 80 19 79 77 69 67 9 7 41 5 3 25 23 48 46 86 84 33 31 2 0 65 63 93 85 83 45 43 89 87 64 62 99 1 6 4 17 15 47 97 95 76 74 75 73 51 49 16 14 92 90 39 37 30 28 
20 22
71 73
56 58
48 50
51 53
27 29
26 28
22 24
18 20
24 26
81 83
5 7
29 31
86 88
60 62
21 23
64 66
8 10
44 46
76 78
38 40
33 35
85 87
6 8
55 57
88 90
45 47
79 81
12 14
66 68
1 3
96 98
42 44
25 27
72 74
94 96
82 84
58 60
10 12
0 1
36 38
68 70
30 32
13 15
35 37
40 42
70 72
65 67
9 11
91 93
19 21
32 34
11 13
16 18
34 36
78 80
92 94
53 55
69 71
0 98
89 91
80 82
17 19
75 77
77 79
67 69
7 9
41 43
39 41
2 4
3 5
23 25
46 48
97 99
84 86
31 33
0 2
63 65
93 95
83 85
43 45
87 89
62 64
1 99
4 6
15 17
47 49
95 97
74 76
73 75
49 51
14 16
90 92
37 39
28 30
