99 98 97 96 95 94 93 92 91 90 89 88 87 86 85 84 83 82 81 80 79 78 77 76 75 74 73 72 71 70 69 68 67 66 65 64 63 62 61 60 59 58 57 56 55 54 53 52 51 50 49 48 47 46 45 44 43 42 41 40 39 38 37 36 35 34 33 32 31 30 29 28 27 26 25 24 23 22 21 20 19 18 17 16 15 14 13 12 11 10 9 8 7 6 5 4 3 2 1 0 
1 99
3 98
1 97
0 96
0 95
0 94
0 93
0 92
0 91
0 90
0 89
0 88
0 87
0 86
0 85
0 84
0 83
0 82
0 81
0 80
0 79
0 78
0 77
0 76
0 75
0 74
0 73
0 72
0 71
0 70
0 69
0 68
0 67
0 66
0 65
0 64
0 63
0 62
0 61
0 60
0 59
0 58
0 57
0 56
0 55
12 54
53 96
52 95
47 51
25 50
49 93
7 48
47 92
46 91
45 90
44 89
9 43
42 88
41 87
40 86
39 85
18 38
37 84
36 83
35 82
34 81
33 80
32 48
30 31
30 79
0 29
28 77
27 76
26 75
25 74
24 73
23 72
22 71
21 54
20 70
2 19
18 69
17 68
16 67
15 24
14 66
13 53
12 64
11 63
10 14
9 29
8 61
7 40
5 6
5 59
4 58
3 57
2 56
1 55
