98 97 96 95 94 93 92 91 90 89 88 87 86 85 84 83 82 81 80 79 78 77 76 75 74 73 72 71 70 69 68 67 66 65 64 63 62 61 60 59 58 57 56 55 54 53 52 51 50 49 48 47 46 45 44 43 42 41 40 39 38 37 36 35 34 33 32 31 30 29 28 27 26 25 24 23 22 21 20 19 18 17 16 15 14 13 12 11 10 9 8 7 6 5 4 3 2 1 0 
32 98
32 97
31 96
31 95
30 94
30 93
29 92
29 91
28 90
28 89
27 88
27 87
26 86
26 85
25 84
25 83
82 84
81 83
23 80
23 79
22 78
22 77
74 76
73 75
20 74
20 73
70 72
19 71
18 70
18 69
17 68
17 67
16 66
16 65
15 64
15 63
62 64
14 61
13 60
13 59
12 58
12 57
11 56
11 55
10 54
10 53
9 52
9 51
8 50
8 49
7 48
7 47
46 48
6 45
5 44
41 43
4 42
4 41
3 40
3 39
2 38
2 37
1 36
1 35
0 34
0 33
25 32
25 31
25 30
25 29
25 28
25 27
25 26
24 25
23 25
22 25
21 25
20 25
19 25
18 25
17 25
16 25
15 25
14 25
13 25
12 25
11 25
10 25
9 25
8 25
7 25
6 25
5 25
4 25
3 25
2 25
1 25
0 25
