98 97 93 91 88 85 84 81 78 77 74 73 71 70 69 68 67 66 65 64 63 62 61 60 59 58 57 56 55 54 53 52 51 50 49 48 47 46 45 44 43 42 41 40 39 38 37 36 35 34 33 32 31 30 29 28 25 22 21 18 15 14 11 8 7 6 2 
97 98
93 97
91 93
88 91
85 88
84 85
81 84
78 81
77 78
74 77
71 74
70 73
70 71
67 70
65 69
67 68
64 67
63 66
65 68
63 64
60 63
58 62
60 61
57 60
56 59
58 61
56 57
53 56
55 56
53 54
49 52
51 54
50 53
49 50
48 49
44 47
46 49
42 45
44 48
43 46
42 43
41 42
37 40
39 42
35 38
37 41
36 39
35 36
34 35
30 33
32 35
28 31
30 34
29 32
28 29
25 28
22 25
21 22
18 21
15 18
14 15
11 14
8 11
7 8
6 7
2 6
