81 69 54 44 29 19 4 75 50 89 57 56 32 31 7 6 80 55 30 5 85 78 53 46 35 28 10 3 92 86 91 77 67 61 66 52 51 42 36 41 27 26 17 11 16 2 1 64 39 34 25 15 14 60 40 76 65 93 88 68 63 43 38 18 13 
77 81
52 56
27 31
2 6
63 69
52 54
38 44
27 29
13 19
2 4
75 76
50 51
25 26
77 80
52 55
27 30
2 5
80 89
55 64
30 39
5 14
56 57
31 32
6 7
80 88
78 85
55 63
53 60
30 38
28 35
5 13
3 10
85 86
76 78
60 61
51 53
41 46
35 36
15 34
26 28
10 11
1 3
86 92
88 91
76 77
61 67
63 66
51 52
36 42
38 41
26 27
11 17
13 16
1 2
64 65
39 40
25 34
14 15
40 60
65 76
88 93
63 68
38 43
13 18
