99 98 97 96 95 94 93 92 91 90 89 88 87 86 85 84 83 82 81 80 79 78 77 76 75 74 73 72 71 70 69 68 67 66 65 64 63 62 61 60 59 58 57 56 55 54 53 52 51 50 49 48 47 46 45 44 43 42 41 40 39 38 37 36 35 34 33 32 31 30 29 28 27 26 25 24 23 22 21 20 19 18 17 16 15 14 13 12 11 10 9 8 7 6 5 4 3 2 1 0 
10 99
9 98
8 97
7 96
6 95
5 94
1 93
2 92
0 91
0 90
0 89
0 88
0 87
0 86
0 85
0 84
0 83
0 82
0 81
0 80
0 79
0 78
0 77
0 76
0 75
0 74
0 73
0 72
0 71
0 70
0 69
0 68
0 67
0 66
0 65
0 64
0 63
0 62
0 61
0 60
0 59
0 58
0 57
0 56
44 55
42 54
37 53
52 89
51 88
50 87
49 86
48 85
47 84
46 83
45 82
44 81
43 80
42 79
41 78
1 40
39 42
23 38
37 48
9 36
35 76
34 75
17 33
32 52
31 74
30 73
29 41
28 46
27 72
26 35
25 71
20 24
23 70
19 22
13 21
0 20
19 68
18 48
10 17
16 66
12 15
14 65
13 64
12 17
11 20
0 10
9 61
8 60
5 7
6 59
5 58
4 47
3 20
2 56
1 9
