97 85 76 52 93 87 86 20 55 80 89 88 94 75 61 0 21 67 49 60 99 98 56 51 50 45 2 1 37 74 36 38 26 17 59 96 95 25 24 13 8 28 27 12 31 11 16 19 18 40 39 3 23 22 15 14 33 32 35 34 73 30 29 5 4 68 79 62 44 54 53 70 69 84 83 10 9 43 7 6 90 48 64 63 82 81 72 71 47 46 58 57 42 41 92 91 78 77 
51 52
80 81
36 37
40 41
49 50
84 85
92 93
97 98
45 46
75 76
87 88
96 97
85 86
55 56
76 77
20 21
52 53
89 90
0 1
93 94
86 87
19 20
54 55
61 62
79 80
88 89
94 95
2 3
74 75
28 29
60 61
0 99
21 22
67 68
48 49
59 60
98 99
56 57
25 26
33 34
50 51
44 45
12 13
16 17
1 2
37 38
73 74
35 36
5 6
7 8
38 39
26 27
17 18
23 24
58 59
70 71
95 96
31 32
24 25
13 14
82 83
8 9
27 28
11 12
30 31
10 11
15 16
18 19
39 40
3 4
22 23
14 15
32 33
34 35
72 73
29 30
4 5
68 69
78 79
62 63
43 44
53 54
69 70
83 84
9 10
42 43
6 7
90 91
47 48
63 64
81 82
71 72
46 47
57 58
41 42
91 92
77 78
