99 98 97 96 95 94 93 92 91 90 89 88 87 86 85 84 83 82 81 80 79 78 77 76 75 74 73 72 71 70 69 68 67 66 65 64 63 62 61 60 59 58 57 56 55 54 53 52 51 50 49 48 47 46 45 44 43 42 41 40 39 38 37 36 35 34 33 32 31 30 29 28 27 26 25 24 23 22 21 20 19 18 17 16 15 14 13 12 11 10 9 8 7 6 5 4 3 2 1 0 
1 99
1 98
1 97
1 96
1 95
1 94
1 93
1 92
1 91
1 90
1 89
1 88
1 87
1 86
0 85
0 84
0 83
0 82
0 81
0 80
0 79
0 78
0 77
0 76
0 75
0 74
0 73
0 72
0 71
0 70
0 69
0 68
0 67
0 66
0 65
0 64
0 63
0 62
0 61
0 60
0 59
0 58
0 57
0 56
0 55
0 54
0 53
1 51
46 50
37 49
48 84
47 83
46 82
45 81
44 80
43 79
21 42
0 41
0 40
39 77
38 76
37 75
36 74
21 35
34 73
33 72
32 71
1 31
30 32
29 31
28 69
27 68
26 67
25 66
24 65
23 64
22 38
21 63
20 40
19 38
7 18
17 99
16 62
15 97
14 61
13 60
12 59
11 51
10 26
9 91
8 56
7 55
6 54
5 89
4 7
3 87
2 86
1 52
0 52
