44 28 3 74 50 49 41 29 10 75 60 48 19 5 36 11 26 24 43 42 20 4 17 84 73 81 77 69 64 67 66 37 0 92 91 83 82 78 72 63 7 25 13 47 21 23 18 80 46 35 16 15 61 59 40 14 31 27 32 30 58 55 95 79 
92 95
78 79
29 44
69 75
67 72
63 64
26 28
16 17
3 4
74 83
49 50
24 25
4 21
81 82
5 60
48 49
29 43
41 42
30 31
26 29
17 27
10 13
75 84
60 61
36 40
5 7
47 48
36 37
18 19
4 5
72 73
11 36
18 26
23 24
42 43
4 20
17 18
73 84
77 81
77 80
64 69
66 67
35 37
0 32
91 92
82 83
72 78
59 63
7 58
13 25
46 47
21 23
18 23
79 80
35 46
14 15
15 16
59 61
14 40
27 31
30 32
55 58
79 95
