94 93 92 91 90 89 88 87 86 85 84 83 82 81 80 79 78 77 76 75 74 73 72 71 70 69 68 67 66 65 64 63 62 61 60 59 58 57 56 55 54 53 52 51 50 49 48 47 46 45 44 43 42 41 40 39 38 37 36 35 34 33 32 31 30 29 28 27 26 25 24 23 22 21 20 19 18 17 16 15 14 13 12 11 10 9 8 7 6 5 4 3 2 1 0 
93 94
71 93
92 93
90 91
15 90
23 89
2 88
56 87
47 86
50 85
73 84
83 84
15 82
9 81
80 81
79 81
5 78
77 89
12 76
74 75
21 74
72 73
31 72
70 71
22 70
69 70
68 69
14 67
41 66
2 65
64 82
27 63
36 62
4 61
59 60
30 59
58 59
57 90
20 56
55 89
54 75
16 53
11 52
51 60
50 84
49 50
24 48
46 47
46 73
45 46
11 44
42 43
42 70
41 42
40 42
15 39
38 39
37 47
36 43
35 40
11 34
21 33
31 32
31 70
30 31
28 29
28 31
27 28
26 41
25 85
23 24
22 23
21 22
19 20
19 70
18 19
17 40
15 16
15 71
14 72
13 14
8 12
11 23
10 90
9 32
8 30
7 8
5 6
5 74
4 54
3 51
2 93
1 5
0 1
