99 98 97 96 95 94 93 92 91 90 89 88 87 86 85 84 83 82 81 80 79 78 77 76 75 74 73 72 71 70 69 68 67 66 65 64 63 62 61 60 59 58 57 56 55 54 53 52 51 50 49 48 47 46 45 44 43 42 41 40 39 38 37 36 35 34 33 32 31 30 29 28 27 26 25 24 23 22 21 20 19 18 17 16 15 14 13 12 11 10 9 8 7 6 5 4 3 2 1 0 
81 99
81 98
45 97
73 96
23 95
63 94
22 93
22 92
48 91
90 93
21 89
64 88
86 87
43 86
20 85
74 84
83 86
19 82
81 91
18 80
18 79
25 78
43 77
17 76
46 75
16 74
47 73
26 72
29 71
70 92
69 93
30 68
67 86
13 66
65 75
48 64
12 63
48 62
12 61
11 60
59 64
11 58
29 57
56 81
10 55
54 77
9 53
52 63
51 74
8 50
49 74
7 47
7 46
6 45
6 44
43 46
5 42
41 66
40 46
39 41
4 38
37 61
3 36
35 43
3 34
2 33
2 32
31 44
1 30
29 62
1 28
27 91
26 61
0 25
24 99
23 96
22 91
21 88
20 86
7 19
18 81
17 77
16 75
15 71
14 69
13 64
12 62
11 59
10 56
9 52
8 49
7 48
6 43
5 40
4 37
3 35
2 31
1 29
0 27
