10 0 1 2 3 4 5 6 7 8 9 11 12 13 14 15 16 17 18 19 20 21 22 23 24 25 26 27 28 29 30 31 32 33 34 35 36 37 38 39 40 50 51 52 53 54 55 56 57 58 59 60 61 62 63 64 65 66 67 68 69 70 71 72 73 74 75 76 77 78 79 80 84 85 89 91 92 95 96 97 99 
10 18
0 3
1 3
1 2
3 20
2 4
5 7
4 6
6 7
1 8
9 14
3 11
12 13
13 17
3 14
2 15
1 16
1 17
2 18
4 19
20 29
21 26
22 23
23 29
20 24
25 26
20 26
20 27
23 28
29 30
30 31
31 32
32 33
33 34
34 35
35 36
36 37
37 38
38 39
39 40
50 58
51 55
52 58
17 53
54 56
53 55
50 56
56 57
53 58
56 59
58 60
55 61
62 63
55 63
58 64
65 78
66 78
67 79
68 79
69 79
70 78
71 78
72 78
73 78
74 78
75 79
17 76
77 79
76 78
78 79
80 89
84 95
69 85
89 92
85 91
91 92
95 96
85 96
97 99
85 99
