99 98 97 96 95 94 93 92 91 90 89 88 87 86 85 84 83 82 81 80 79 78 77 76 75 74 73 72 71 70 69 68 67 66 65 64 63 62 61 60 59 58 57 56 55 54 53 52 51 50 49 48 47 46 45 44 43 42 41 40 39 38 37 36 35 34 33 32 31 30 29 28 27 26 25 24 23 22 21 20 19 18 17 16 15 14 13 12 11 10 9 8 7 6 5 4 3 2 1 0 
89 99
98 99
97 98
96 97
95 96
94 95
93 94
92 93
90 91
80 90
79 89
88 89
87 88
86 99
85 86
84 85
83 84
82 83
80 81
70 80
69 79
78 79
66 77
76 77
75 76
73 74
73 80
71 72
70 71
60 70
59 69
68 69
67 68
66 67
65 66
64 65
62 63
61 62
60 61
50 60
49 59
58 59
57 58
56 57
55 56
54 55
52 53
51 52
45 51
50 51
48 49
47 48
46 47
45 46
44 45
43 44
42 43
41 42
40 50
39 49
38 39
37 38
36 37
35 36
34 35
32 33
31 32
30 31
30 40
29 39
28 29
27 28
26 27
25 26
24 25
22 23
22 31
20 21
20 30
19 29
18 19
17 18
16 17
15 16
5 14
13 14
11 12
10 11
10 20
9 19
8 9
7 8
6 7
5 6
4 5
3 4
1 2
0 1
0 10
