99 98 97 96 95 94 93 92 91 90 89 88 87 86 85 84 83 82 81 80 79 78 77 76 75 74 73 72 71 70 69 68 67 66 65 64 63 62 61 60 59 58 57 56 55 54 53 52 51 50 49 48 47 46 45 44 43 42 41 40 39 38 37 36 35 34 33 32 31 30 29 28 27 26 25 24 23 22 21 20 19 18 17 16 15 14 13 12 11 10 9 8 7 6 5 4 3 2 1 0 
1 99
1 98
1 97
1 96
1 95
1 94
1 93
1 92
1 91
1 90
8 89
1 88
6 87
4 86
0 85
0 84
0 83
0 82
0 81
0 80
0 79
0 78
0 77
0 76
0 75
0 74
0 73
0 72
0 71
0 70
0 69
0 68
0 67
0 66
0 65
0 64
0 63
18 62
0 61
0 60
0 59
0 58
0 57
0 56
0 55
0 54
0 53
0 52
0 51
0 50
18 49
48 85
8 47
5 46
24 45
44 81
24 43
42 44
18 41
40 79
39 78
18 38
37 77
36 76
35 75
34 74
33 73
32 72
31 71
30 70
4 29
28 34
27 46
26 67
25 66
24 65
10 23
22 63
6 21
20 24
19 35
17 61
16 60
15 59
6 14
13 58
12 21
11 56
5 10
9 26
3 8
7 53
3 6
5 49
0 4
3 41
2 10
1 6
0 18
