99 98 97 96 95 94 93 92 91 90 89 88 87 86 85 84 83 82 81 80 79 78 77 76 75 74 73 72 71 70 69 68 67 66 65 64 63 62 61 60 59 58 57 56 55 54 53 52 51 50 49 48 47 46 45 44 43 42 41 40 39 38 37 36 35 34 33 32 31 30 29 28 27 26 25 24 23 22 21 20 19 18 17 16 15 14 13 12 11 10 9 8 7 6 5 4 3 2 1 0 
0 99
0 98
0 97
0 96
0 95
0 94
0 93
0 92
0 91
0 90
0 89
0 88
0 87
0 86
0 85
0 84
0 83
0 82
0 81
0 80
0 79
0 78
0 77
0 75
0 74
0 73
0 72
0 71
0 70
19 69
45 68
38 67
3 66
26 65
17 64
47 63
56 62
0 61
60 65
41 59
31 58
0 57
14 56
0 55
6 54
23 53
46 52
51 69
21 50
36 49
48 60
3 47
25 46
45 46
27 44
43 51
42 55
41 99
19 40
32 39
38 98
37 97
36 61
35 95
34 67
33 94
32 93
7 31
30 91
1 29
28 90
27 89
26 88
9 25
24 87
23 86
22 51
21 57
20 84
19 46
18 83
17 82
16 26
15 80
14 21
13 41
12 21
11 78
10 77
9 76
8 55
7 74
6 73
5 28
4 46
3 71
2 7
1 70
0 76
