98 97 96 95 94 93 92 91 90 89 88 87 86 85 84 83 82 81 80 79 78 77 76 75 74 73 72 71 70 69 68 67 66 65 64 63 62 61 60 59 58 57 56 55 54 53 52 51 50 49 48 47 46 45 44 43 42 41 40 39 38 37 36 35 34 33 32 31 30 29 28 27 26 25 24 23 22 21 20 19 18 17 16 15 14 13 12 11 10 9 8 7 6 5 4 3 2 1 0 
32 98
32 97
31 96
31 95
30 94
30 93
29 92
29 91
28 90
28 89
27 88
27 87
26 86
26 85
25 84
25 83
24 82
24 81
23 80
23 79
22 78
22 77
21 76
21 75
20 74
20 73
19 72
19 71
70 72
69 71
17 68
17 67
16 66
16 65
15 64
61 63
14 62
14 61
13 60
13 59
12 58
12 57
11 56
11 55
10 54
10 53
9 52
9 51
8 50
8 49
7 48
7 47
6 46
6 45
5 44
5 43
4 42
4 41
3 40
37 39
2 38
2 37
1 36
1 35
0 34
0 33
19 32
19 31
19 30
19 29
19 28
19 27
19 26
19 25
19 24
19 23
19 22
19 21
19 20
18 19
17 19
16 19
15 19
14 19
13 19
12 20
11 19
10 19
9 19
8 19
7 19
6 19
5 19
4 19
3 19
2 19
1 19
0 19
