10 9 99 98 49 3 97 4 96 48 32 24 11 8 7 6 5 0 95 19 94 47 2 1 93 31 92 46 23 91 13 12 90 45 30 18 15 14 89 88 44 22 87 29 86 43 85 17 16 84 42 28 21 20 83 82 41 81 27 80 40 79 78 39 26 25 77 76 38 75 74 37 73 72 36 71 70 35 69 68 34 33 67 66 65 64 63 62 61 58 57 56 55 54 53 52 51 50 
98 99
49 50
32 33
10 11
9 10
8 9
2 3
1 99
97 98
48 49
13 14
6 7
3 4
96 97
24 25
4 5
95 96
47 48
31 32
23 24
19 20
15 16
11 12
7 8
5 6
0 1
94 95
18 19
93 94
46 47
1 2
92 93
30 31
91 92
45 46
22 23
90 91
12 13
89 90
44 45
29 30
17 18
14 15
88 89
87 88
43 44
21 22
86 87
28 29
85 86
42 43
84 85
16 17
83 84
41 42
27 28
20 21
82 83
81 82
40 41
80 81
26 27
79 80
39 40
78 79
77 78
38 39
25 26
76 77
75 76
37 38
74 75
73 74
36 37
72 73
71 72
35 36
70 71
69 70
34 35
68 69
67 68
33 34
66 67
65 66
64 65
63 64
62 63
61 62
57 58
56 57
55 56
54 55
53 54
52 53
51 52
50 51
