99 98 97 96 95 94 93 92 91 90 89 88 87 86 85 84 83 82 81 80 79 78 77 76 75 74 73 72 71 70 69 68 67 66 65 64 63 62 61 60 59 58 57 56 55 54 53 52 51 50 49 48 47 46 45 44 43 42 41 40 39 38 37 36 35 34 33 32 31 30 29 28 27 26 25 24 23 22 21 20 19 18 17 16 15 14 13 12 11 10 9 8 7 6 5 4 3 2 1 0 
0 99
0 98
0 97
0 96
0 95
0 94
0 93
0 92
0 91
0 90
0 89
0 88
0 87
0 86
0 85
0 84
0 83
0 82
0 81
0 80
0 79
0 78
0 77
0 76
0 75
0 74
0 73
0 72
0 71
0 70
0 69
0 68
28 67
57 66
24 65
26 64
41 63
41 62
34 61
25 60
21 59
38 58
7 57
39 56
7 55
32 54
32 53
35 52
32 51
50 67
47 49
48 99
47 98
42 46
45 50
44 49
37 43
42 97
41 96
40 95
39 94
38 64
37 93
36 92
16 35
34 41
33 91
23 32
31 89
30 88
10 29
28 87
27 86
26 85
8 25
24 63
23 84
22 83
21 66
20 82
7 19
18 81
17 80
0 16
15 16
14 79
13 78
12 46
11 77
10 76
9 75
8 74
7 73
6 41
5 72
4 71
3 70
2 69
1 68
