99 98 97 96 95 94 93 92 91 90 89 88 87 86 85 84 83 82 81 80 79 78 77 76 75 74 73 72 71 70 69 68 67 66 65 64 63 62 61 60 59 58 57 56 55 54 53 52 51 50 49 48 47 46 45 44 43 42 41 40 39 38 37 36 35 34 33 32 31 30 29 28 27 26 25 24 23 22 21 20 19 18 17 16 15 14 13 12 11 10 9 8 7 6 5 4 3 2 1 0 
0 99
0 98
0 97
0 96
0 95
0 94
0 93
0 92
0 91
0 90
0 89
0 88
0 87
0 86
0 85
0 84
0 83
0 82
0 81
0 80
0 79
0 78
0 77
0 76
0 75
0 74
14 73
22 72
9 71
17 70
22 69
25 68
13 67
10 66
21 65
15 64
3 63
10 62
29 61
15 60
59 64
4 58
57 64
28 56
24 55
27 54
44 53
24 52
28 51
50 53
17 49
10 48
47 64
46 73
1 45
0 44
43 56
7 42
41 55
40 50
22 39
5 38
4 37
36 40
29 35
34 72
33 99
17 32
31 63
4 30
29 98
28 97
27 30
6 26
25 95
24 94
23 93
22 38
21 92
20 91
19 54
18 90
17 89
16 88
15 44
14 53
13 40
12 85
11 84
10 83
9 15
8 81
0 7
6 79
5 78
0 4
3 76
2 75
1 74
