47 43 49 28 19 18 3 0 60 56 44 45 29 5 4 69 66 65 53 12 11 6 50 48 25 24 10 9 2 1 68 67 57 52 51 37 36 33 32 23 22 55 54 40 35 34 31 30 21 20 13 62 61 59 58 42 41 39 38 17 16 15 14 8 7 
42 43
35 36
5 6
3 4
0 1
53 54
15 47
43 44
33 34
21 22
18 19
8 9
66 67
55 56
15 49
39 40
28 29
19 20
17 18
11 12
2 3
0 69
60 61
59 60
56 57
44 45
15 45
29 30
23 24
4 5
68 69
65 66
52 53
15 50
37 38
12 13
10 11
6 7
50 51
15 48
31 32
24 25
9 10
1 2
67 68
57 58
51 52
36 37
32 33
22 23
15 16
54 55
40 41
34 35
30 31
20 21
13 14
61 62
58 59
41 42
38 39
16 17
14 15
7 8
