99 98 97 96 95 94 93 92 91 90 89 88 87 86 85 84 83 82 81 80 79 78 77 76 75 74 73 72 71 70 69 68 67 66 65 64 63 62 61 60 59 58 57 56 55 54 53 52 51 50 49 48 47 46 45 44 43 42 41 40 39 38 37 36 35 34 33 32 31 30 29 28 27 26 25 24 23 22 21 20 19 18 17 16 15 14 13 12 11 10 9 8 7 6 5 4 3 2 1 0 
88 99
31 98
88 97
13 96
37 95
11 94
8 93
70 92
91 92
29 90
31 89
5 88
5 87
77 86
14 85
5 84
5 83
37 82
81 88
80 99
79 91
40 78
34 77
10 76
30 75
25 74
10 73
32 72
70 71
54 69
34 68
67 98
66 99
65 84
64 88
17 63
15 62
61 88
8 60
59 61
58 80
57 87
21 56
55 73
54 82
32 53
5 52
13 51
31 50
38 49
48 80
47 71
41 46
33 45
2 44
43 55
42 57
41 83
40 84
7 39
13 38
37 57
36 45
35 51
34 57
33 51
32 95
31 71
30 65
29 57
28 29
16 27
26 65
25 88
13 24
23 61
22 29
12 21
20 47
19 92
18 70
17 99
16 40
5 15
14 96
13 47
12 76
11 89
10 70
9 91
8 88
7 99
6 57
5 71
4 26
3 54
2 19
1 25
0 79
