7 56 54 78 76 58 57 55 51 26 5 71 94 44 75 25 89 39 80 30 49 70 79 77 29 27 88 87 38 37 65 15 59 50 9 0 98 48 53 52 3 2 86 85 36 35 68 18 93 92 43 42 97 47 67 63 17 13 69 19 60 10 82 81 32 31 84 83 34 33 64 62 14 12 96 95 46 45 72 22 74 73 24 23 91 90 41 40 
55 57
5 7
51 56
94 95
44 45
53 54
76 78
48 49
91 92
41 42
75 76
62 63
59 60
57 58
52 55
50 51
25 26
12 13
9 10
2 5
75 77
25 27
88 89
38 39
70 71
93 94
43 44
79 80
29 30
74 75
24 25
89 90
86 87
50 52
39 40
36 37
0 2
80 81
30 31
49 50
69 70
84 85
34 35
77 79
27 29
87 88
37 38
64 65
14 15
50 59
0 9
67 68
17 18
97 98
47 48
52 53
2 3
85 86
35 36
68 69
18 19
92 93
42 43
96 97
46 47
82 83
32 33
63 67
13 17
69 72
19 22
60 62
10 12
81 82
31 32
83 84
33 34
62 64
12 14
95 96
45 46
72 73
22 23
73 74
23 24
90 91
40 41
