98 95 89 86 83 82 80 78 75 74 71 69 68 66 64 63 62 61 60 59 58 57 56 55 54 53 52 51 50 49 48 47 46 45 44 43 42 41 40 39 38 37 36 35 34 33 32 31 30 29 28 27 26 23 22 20 17 14 11 8 7 5 2 
2 98
95 98
86 89
83 86
82 83
80 82
78 80
75 78
74 75
71 74
69 71
68 69
66 68
64 66
62 63
62 64
60 61
60 62
56 59
56 58
57 60
54 56
54 55
54 57
53 54
52 53
51 53
48 50
48 49
48 51
46 47
45 46
45 48
43 44
43 45
40 42
41 42
40 43
39 40
38 39
37 38
36 39
33 35
34 36
33 34
32 33
31 33
30 31
29 31
27 28
27 29
26 27
23 26
22 23
20 22
17 20
14 17
11 14
8 11
7 8
5 7
2 5
