24 48 52 42 70 29 49 71 46 72 57 79 44 41 11 10 89 4 3 60 50 45 19 62 23 63 95 94 28 27 26 25 20 90 93 22 21 43 99 92 5 82 2 1 97 68 96 81 67 83 66 91 80 12 98 75 9 65 76 51 85 64 56 55 74 54 8 18 38 34 7 6 77 36 73 31 17 53 33 32 84 13 40 35 15 37 14 39 16 
9 10
18 19
23 24
11 12
2 3
24 25
26 27
4 5
32 48
32 52
16 42
17 70
28 29
32 49
35 71
31 46
35 72
33 57
36 79
31 44
16 41
10 11
37 89
3 4
34 60
32 50
31 45
19 20
34 62
22 23
13 63
39 95
39 94
27 28
25 26
20 21
38 90
39 93
21 22
31 43
40 99
39 92
5 6
37 82
1 2
40 97
17 68
40 96
37 81
17 67
37 83
13 66
39 91
36 80
12 13
40 98
35 75
8 9
13 65
36 76
32 51
37 85
13 64
33 56
33 55
35 74
33 54
7 8
17 18
14 38
15 34
6 7
36 77
15 33
14 36
35 73
15 31
16 17
33 53
15 32
37 84
13 14
15 16
16 40
14 35
14 15
14 37
16 39
