99 98 97 96 95 94 93 92 91 90 89 88 87 86 85 84 83 82 81 80 79 78 77 76 75 74 73 72 71 70 69 68 67 66 65 64 63 62 61 60 59 58 57 56 55 54 53 52 51 50 49 48 47 46 45 44 43 42 41 40 39 38 37 36 35 34 33 32 31 30 29 28 27 26 25 24 23 22 21 20 19 18 17 16 15 14 13 12 11 10 9 8 7 6 5 4 3 2 1 0 
0 99
0 98
0 97
0 96
0 95
0 94
0 93
0 92
0 91
0 90
0 89
0 88
0 87
0 86
0 85
0 84
0 83
0 82
0 81
0 80
0 79
0 78
0 77
0 76
0 75
0 74
0 73
0 72
0 71
0 70
0 69
0 68
0 67
0 66
7 65
61 64
48 63
36 62
57 61
42 60
11 59
8 58
39 57
48 56
9 55
2 54
53 60
6 52
51 59
46 50
39 49
4 48
47 98
46 97
45 49
44 96
12 43
42 95
41 94
0 40
39 92
20 38
37 90
36 89
35 88
34 87
33 86
30 32
31 61
0 30
4 29
28 82
27 81
26 80
25 79
24 78
23 77
22 46
21 76
20 75
19 74
18 63
17 73
8 16
15 33
14 15
13 72
12 71
11 38
10 42
9 70
8 69
7 68
6 31
5 67
0 4
3 66
2 57
1 22
