99 98 97 96 95 94 93 92 91 90 89 88 87 86 85 84 83 82 81 80 79 78 77 76 75 74 73 72 71 70 69 68 67 66 65 64 63 62 61 60 59 58 57 56 55 54 53 52 51 50 49 48 47 46 45 44 43 42 41 40 39 38 37 36 35 34 33 32 31 30 29 28 27 26 25 24 23 22 21 20 19 18 17 16 15 14 13 12 11 10 9 8 7 6 5 4 3 2 1 0 
66 99
98 99
97 98
96 97
95 96
93 94
92 93
70 92
91 92
39 90
73 89
47 88
87 88
32 86
27 85
83 84
9 83
9 82
80 81
80 92
79 80
77 78
76 77
49 76
75 76
73 74
71 73
71 72
66 71
70 71
69 70
67 68
66 67
65 66
11 64
2 63
62 83
13 61
59 60
59 71
58 59
0 57
55 56
55 99
54 55
0 53
50 52
51 52
2 50
48 49
48 66
47 48
46 47
45 71
44 72
43 93
41 42
40 41
39 40
38 39
38 73
37 38
36 37
35 41
34 70
32 33
32 38
30 31
13 30
28 29
27 28
26 27
11 26
24 25
24 73
23 24
22 67
21 22
20 48
18 19
18 46
17 37
15 16
14 15
14 59
13 14
11 12
11 39
9 10
8 9
8 72
7 8
6 7
5 83
4 49
3 4
1 2
1 72
0 1
