99 98 97 96 95 94 93 92 91 90 89 88 87 86 85 84 83 82 81 80 79 78 77 76 75 74 73 72 71 70 69 68 67 66 65 64 63 62 61 60 59 58 57 56 55 54 53 52 51 50 49 48 47 46 45 44 43 42 41 40 39 38 37 36 35 34 33 32 31 30 29 28 27 26 25 24 23 22 21 20 19 18 17 16 15 14 13 12 11 10 9 8 7 6 5 4 3 2 1 0 
0 99
0 98
0 97
0 96
0 95
0 94
0 93
0 92
0 91
0 90
0 89
0 88
0 87
0 86
0 85
0 84
0 83
0 82
0 81
0 80
0 79
0 78
0 77
0 76
0 75
0 74
0 73
0 72
0 71
0 70
0 69
0 68
0 67
0 66
0 65
29 64
13 63
31 62
29 61
9 60
18 59
9 58
41 57
18 56
20 55
20 54
6 53
44 52
1 51
33 50
12 49
9 48
13 47
46 99
45 98
44 97
43 96
42 95
41 94
1 40
39 93
38 45
5 37
36 92
35 91
34 90
33 89
32 88
31 87
30 86
29 85
28 84
27 83
26 57
25 81
5 24
21 23
15 22
19 21
20 80
19 79
18 78
17 53
16 77
15 76
14 60
3 13
12 74
11 73
0 10
9 71
1 8
7 70
6 69
5 68
4 67
3 10
2 27
1 65
