99 98 97 96 95 94 92 89 88 87 85 84 83 82 81 77 76 73 72 71 70 69 68 67 65 62 61 59 57 56 51 49 48 47 46 45 44 43 42 40 39 38 36 35 32 31 30 27 25 23 22 21 20 17 15 12 11 10 9 8 7 5 4 3 1 0 
72 99
44 98
71 97
8 96
61 95
39 94
12 92
61 89
10 88
51 87
61 85
46 84
20 83
12 82
44 81
77 83
23 76
31 73
72 85
51 71
70 83
39 69
31 68
67 68
65 83
43 62
9 59
57 72
56 71
51 85
20 49
48 69
31 47
40 46
1 45
1 44
43 68
23 42
31 40
1 39
38 88
36 40
11 35
32 88
31 61
23 30
27 73
22 25
23 85
22 84
21 32
20 40
3 17
15 82
12 23
11 72
10 92
9 95
8 9
7 57
5 39
1 4
0 3
1 23
0 92
