99 98 97 96 95 94 93 92 91 90 89 88 87 86 85 84 83 82 81 80 79 78 77 76 75 74 73 72 71 70 69 68 67 66 65 64 63 62 61 60 59 58 57 56 55 54 53 52 51 50 49 48 47 46 45 44 43 42 41 40 39 38 37 36 35 34 33 32 31 30 29 28 27 26 25 24 23 22 21 20 19 18 17 16 15 14 13 12 11 10 9 8 7 6 5 4 3 2 1 0 
44 99
69 98
69 97
23 96
23 95
58 94
59 93
67 92
51 91
21 90
78 89
21 88
20 87
86 95
51 85
59 84
70 83
19 82
28 81
18 80
18 79
60 78
17 77
17 76
34 75
16 74
33 73
15 72
15 71
64 70
14 69
64 68
14 67
13 66
13 64
33 63
35 62
12 61
11 60
11 59
58 65
33 57
10 56
10 55
54 96
53 74
52 67
28 51
8 50
35 49
48 67
7 47
46 95
44 45
44 94
6 43
42 60
5 41
5 40
39 93
4 38
29 37
3 36
3 35
34 65
33 64
32 75
31 67
1 30
29 66
28 34
27 49
26 29
0 25
24 98
23 94
13 22
13 21
20 85
19 83
18 81
17 78
16 75
15 70
14 68
13 65
12 62
11 58
10 57
9 54
8 51
7 48
6 44
5 42
4 37
3 34
2 33
1 28
0 26
