99 98 97 96 95 94 93 92 91 90 89 88 87 86 85 84 83 82 81 80 79 78 77 76 75 74 73 72 71 70 69 68 67 66 65 64 63 62 61 60 59 58 57 56 55 54 53 52 51 50 49 48 47 46 45 44 43 42 41 40 39 38 37 36 35 34 33 32 31 30 29 28 27 26 25 24 23 22 21 20 19 18 17 16 15 14 13 12 11 10 9 8 7 6 5 4 3 2 1 0 
30 99
24 98
24 97
32 96
23 95
60 94
22 93
77 92
22 91
21 90
89 92
81 88
20 87
20 86
41 85
19 84
80 83
54 82
18 81
18 80
78 79
17 77
17 76
16 75
57 74
73 88
72 78
15 71
54 70
69 78
14 68
14 67
13 66
65 67
13 64
59 63
62 89
46 61
42 60
35 59
11 58
10 57
56 78
10 55
54 78
53 77
9 52
51 90
30 50
49 70
7 48
7 47
43 46
6 45
6 44
32 43
42 76
5 41
40 68
33 39
38 71
37 42
36 54
35 69
3 34
2 33
32 78
2 31
1 30
29 82
28 79
0 27
0 26
25 52
17 24
23 96
22 92
21 88
20 85
19 82
18 79
17 78
16 74
15 72
14 69
13 65
12 14
11 59
10 56
9 54
8 49
7 46
6 43
5 40
4 39
3 35
2 32
1 28
0 25
