79 0 1 2 7 8 9 10 11 14 15 16 17 18 19 20 21 24 27 28 29 30 31 32 34 37 38 39 40 41 42 46 47 48 49 51 52 53 58 59 61 62 65 68 69 70 71 72 73 74 75 76 77 78 80 81 82 83 84 85 86 87 88 89 90 91 92 93 94 95 96 97 98 99 
79 89
49 59
85 95
93 94
92 93
91 92
90 91
78 88
87 88
86 87
85 86
84 85
83 84
82 83
81 82
80 90
68 78
76 77
75 76
74 75
74 85
73 74
72 73
71 81
70 80
59 69
58 68
65 75
62 72
61 71
58 59
48 58
52 53
52 62
51 61
47 58
46 47
42 52
41 51
40 41
39 49
38 48
37 47
24 34
32 42
31 41
30 40
29 39
28 38
27 37
15 24
21 31
20 30
19 29
18 28
17 18
16 17
15 16
14 15
11 21
10 20
9 19
8 9
7 8
1 2
0 1
0 10
95 96
96 97
97 98
98 99
89 99
94 95
