98 96 73 95 92 89 85 83 13 82 69 80 10 79 78 19 77 76 75 35 74 72 71 67 66 64 65 47 63 14 18 58 40 57 50 56 55 30 52 43 49 5 27 33 32 24 21 17 4 99 42 8 1 62 29 41 39 38 31 46 22 
32 99
95 98
66 96
50 96
73 95
10 95
33 92
57 89
31 89
13 89
66 85
18 85
10 85
13 83
55 82
43 82
69 80
39 80
10 80
72 79
5 79
66 78
30 78
19 78
64 77
17 77
57 76
74 75
57 75
24 75
35 74
33 74
58 72
52 71
50 67
14 66
64 65
47 65
22 63
14 63
18 62
40 58
55 57
4 57
50 56
49 56
30 55
43 52
5 49
27 38
32 33
21 24
4 17
8 42
42 99
1 8
29 62
39 41
31 38
22 46
