99 98 97 96 95 94 93 92 91 90 89 88 87 86 85 84 83 82 81 80 79 78 77 76 75 74 73 72 71 70 69 68 67 66 65 64 63 62 61 60 59 58 57 56 55 54 53 52 51 50 49 48 47 46 45 44 43 42 41 40 39 38 37 36 35 34 33 32 31 30 29 28 27 26 25 24 23 22 21 20 19 18 17 16 15 14 13 12 11 10 9 8 7 6 5 4 3 2 1 0 
20 99
18 98
17 97
14 96
1 95
12 94
11 93
10 92
9 91
8 90
7 89
6 88
5 87
4 86
3 85
2 84
0 83
0 82
0 81
0 80
0 79
0 78
0 77
0 76
0 75
0 74
0 73
0 72
0 71
0 70
0 69
0 68
0 67
0 66
0 65
0 64
0 63
0 62
0 61
0 60
0 59
0 58
0 57
0 56
0 55
0 54
0 53
0 52
0 51
0 50
0 49
35 48
11 47
16 46
45 82
44 81
35 43
42 79
41 78
40 77
28 39
8 38
0 37
36 75
35 74
7 34
33 73
32 72
17 31
30 71
29 70
28 69
27 68
26 67
25 47
14 24
23 65
22 48
21 64
20 35
17 19
14 18
14 17
16 60
15 59
14 37
13 57
12 56
11 55
10 54
9 43
8 53
7 52
6 45
5 51
4 50
3 33
2 49
1 96
