99 98 97 96 95 94 93 92 91 90 89 88 87 86 85 84 83 82 81 80 79 78 77 76 75 74 73 72 71 70 69 68 67 66 65 64 63 62 61 60 59 58 57 56 55 54 53 52 51 50 49 48 47 46 45 44 43 42 41 40 39 38 37 36 35 34 33 32 31 30 29 28 27 26 25 24 23 22 21 20 19 18 17 16 15 14 13 12 11 10 9 8 7 6 5 4 3 2 1 0 
2 99
12 98
11 97
2 96
8 95
6 94
2 93
2 92
3 91
1 90
1 89
1 88
1 87
1 86
28 85
26 84
1 83
1 82
1 81
19 80
1 79
17 78
1 77
1 76
1 75
12 74
1 73
1 72
1 71
8 70
6 69
1 68
0 67
0 66
0 65
0 64
0 63
0 62
0 61
0 60
0 59
0 58
0 57
0 56
0 55
0 54
0 53
0 52
0 51
0 50
0 49
0 48
0 47
0 46
0 45
0 44
0 43
0 42
0 41
0 40
0 39
0 38
0 37
36 67
35 66
34 65
16 33
25 32
31 63
30 62
29 61
28 60
27 59
20 26
25 58
24 57
16 23
5 22
7 21
20 33
19 54
4 18
17 52
0 16
15 50
14 49
13 48
12 47
11 46
10 45
9 44
8 33
7 43
6 42
5 17
4 40
3 39
2 38
1 37
