90 82 77 65 81 51 0 50 10 80 49 21 20 96 86 31 60 46 30 35 26 40 84 72 93 76 75 70 71 62 25 45 15 38 54 74 64 14 4 33 24 6 5 94 85 59 69 92 83 89 55 58 48 53 44 52 43 16 41 32 68 66 57 67 56 47 27 8 3 2 1 98 88 
3 4
67 98
80 90
82 83
81 82
76 77
65 66
48 57
45 46
80 81
71 72
0 1
41 51
0 10
50 60
41 50
10 20
71 80
66 76
49 59
20 21
14 15
5 14
86 96
76 86
31 41
15 25
60 71
35 46
30 41
25 35
15 26
40 41
93 94
74 84
72 84
83 93
75 76
70 71
62 71
24 25
44 45
15 16
41 52
54 55
38 47
32 33
54 64
64 74
4 14
24 33
5 6
85 94
59 69
58 69
83 92
88 89
55 66
48 58
44 53
43 52
16 27
32 41
67 68
66 67
57 67
56 67
47 56
8 27
2 3
1 2
88 98
