98 97 96 95 94 93 92 91 90 89 88 87 86 85 84 83 82 81 80 79 78 77 76 75 74 73 72 71 70 69 68 67 66 65 64 63 62 61 60 59 58 57 56 55 54 53 52 51 50 49 48 47 46 45 44 43 42 41 40 39 38 37 36 35 34 33 32 31 30 29 28 27 26 25 24 23 22 21 20 19 18 17 16 15 14 13 12 11 10 9 8 7 6 5 4 3 2 1 0 
32 98
32 97
31 96
31 95
94 96
93 95
29 92
29 91
28 90
28 89
27 88
27 87
86 88
26 85
25 84
25 83
82 84
24 81
23 80
23 79
22 78
77 79
21 76
21 75
20 74
20 73
19 72
19 71
70 72
69 71
66 68
17 67
16 66
16 65
15 64
15 63
14 62
14 61
13 60
13 59
12 58
57 59
11 56
11 55
10 54
10 53
9 52
49 51
8 50
8 49
7 48
7 47
6 46
6 45
5 44
5 43
4 42
4 41
3 40
3 39
2 38
2 37
34 36
1 35
0 34
0 33
0 32
0 31
0 30
0 29
0 28
0 27
0 26
0 25
0 24
0 23
0 22
0 21
0 20
0 19
0 18
0 17
0 16
0 15
0 14
0 13
0 12
0 11
0 10
0 9
0 8
0 7
0 6
0 5
0 4
0 3
0 2
0 1
