95 94 92 91 90 89 88 87 86 85 84 83 82 81 80 79 76 75 72 71 70 69 68 67 66 65 64 63 62 61 60 59 58 57 56 55 54 53 52 51 50 49 48 47 46 44 43 42 41 40 39 38 37 36 35 34 33 32 31 30 29 28 27 26 25 24 23 22 21 20 19 18 17 16 15 12 9 8 7 6 5 4 3 2 1 0 
94 95
92 94
82 92
90 91
40 90
85 89
84 88
84 87
83 86
37 85
38 84
39 83
81 82
70 81
61 80
79 80
72 76
25 75
71 72
70 71
69 70
64 69
67 68
66 67
65 66
64 65
63 64
62 63
61 62
60 61
35 60
56 59
56 58
56 57
56 89
55 56
54 56
53 56
52 56
51 56
50 56
49 56
48 56
47 56
46 56
43 44
42 43
41 42
40 41
39 40
38 39
37 38
36 37
35 36
34 35
33 34
32 33
31 32
30 31
29 30
28 29
27 28
26 27
25 26
24 25
23 24
22 23
21 22
20 21
19 20
18 19
17 18
16 17
15 16
12 68
8 9
7 8
6 7
5 6
4 5
3 4
2 3
1 2
0 1
0 91
