73 65 51 85 34 67 44 11 43 83 15 7 14 74 26 92 45 42 71 58 81 19 50 86 46 54 0 52 20 47 89 16 49 70 87 78 17 75 60 96 55 48 79 9 4 37 13 40 1 90 36 29 23 77 95 57 69 64 39 31 27 21 68 2 82 22 
20 36
0 70
31 55
52 83
73 74
23 65
37 39
49 67
14 51
77 85
34 58
9 23
44 67
22 64
11 74
11 58
26 43
27 83
14 15
7 49
29 42
9 14
26 74
17 71
58 92
42 45
20 58
48 81
46 87
46 71
0 58
19 81
50 55
23 54
46 86
0 54
20 52
40 47
75 78
77 89
22 78
16 36
49 70
68 70
1 87
13 78
17 64
60 75
82 96
48 55
9 79
4 40
36 37
13 57
1 40
36 90
23 29
64 77
57 95
21 69
2 64
31 39
21 27
2 68
22 82
