98 97 96 95 92 91 90 88 87 86 84 83 82 81 80 79 77 76 75 69 68 67 64 63 62 61 60 58 57 56 55 54 53 52 51 50 49 48 47 46 45 44 43 42 41 40 39 38 37 36 35 34 33 32 31 30 29 28 27 26 25 24 23 22 21 20 19 18 17 16 15 14 13 12 11 10 9 8 7 6 5 4 3 2 1 0 
62 98
92 97
95 96
44 95
91 92
91 96
86 90
80 88
87 91
86 98
84 87
83 84
82 86
81 82
80 83
79 80
77 81
76 77
58 75
68 69
64 68
64 67
61 64
60 63
61 62
60 61
54 58
57 58
56 63
55 87
51 54
53 56
41 52
29 51
50 56
49 54
47 48
46 47
41 46
45 46
38 44
37 43
37 42
34 41
40 41
39 46
38 39
37 44
36 37
29 35
29 34
26 33
32 38
24 31
30 36
29 50
28 35
27 28
26 32
24 25
24 30
22 23
22 29
21 22
13 20
12 19
12 18
17 22
16 17
15 21
14 20
13 26
12 13
11 16
10 11
4 9
8 9
6 7
6 12
5 10
4 11
3 4
2 7
1 6
0 6
