2 15 49 11 12 14 13 24 17 16 10 3 1 0 63 98 88 78 97 87 77 96 86 76 95 85 75 94 84 74 93 83 73 92 82 72 91 90 89 81 80 79 71 70 69 68 67 66 65 64 62 61 60 59 58 57 56 55 54 53 52 51 50 48 47 46 45 44 43 42 41 40 39 38 37 36 35 34 33 32 31 30 29 28 27 26 25 23 22 21 20 19 18 9 8 7 6 5 4 
2 49
3 49
1 49
12 13
13 15
10 13
49 50
48 49
10 11
12 17
13 14
24 25
23 24
17 18
16 17
9 10
3 4
0 1
63 64
62 63
88 89
78 79
97 98
87 88
77 78
96 97
86 87
76 77
95 96
85 86
75 76
94 95
84 85
74 75
93 94
83 84
73 74
92 93
82 83
72 73
91 92
81 82
71 72
90 91
89 90
80 81
79 80
70 71
69 70
68 69
67 68
66 67
65 66
64 65
61 62
60 61
59 60
58 59
57 58
56 57
55 56
54 55
53 54
52 53
51 52
50 51
47 48
46 47
45 46
44 45
43 44
42 43
41 42
40 41
39 40
38 39
37 38
36 37
35 36
34 35
33 34
32 33
31 32
30 31
29 30
28 29
26 27
25 26
22 23
21 22
20 21
19 20
18 19
8 9
7 8
6 7
5 6
4 5
