99 98 97 96 95 94 93 92 91 90 89 88 87 86 85 84 83 82 81 80 79 78 77 76 75 74 73 72 71 70 69 68 67 66 65 64 63 62 61 60 59 58 57 56 55 54 53 52 51 50 49 48 47 46 45 44 43 42 41 40 39 38 37 36 35 34 33 32 31 30 29 28 27 26 25 24 23 22 21 20 19 18 17 16 15 14 13 12 11 10 9 8 7 6 5 4 3 2 1 0 
24 99
24 98
42 97
23 96
88 95
88 94
61 93
22 92
22 91
40 90
89 90
21 88
25 87
75 86
25 85
19 84
19 83
59 82
36 81
80 95
74 79
43 78
77 97
48 76
16 75
16 74
42 73
49 72
51 71
30 70
14 69
68 70
67 89
59 66
30 65
34 64
12 63
40 62
12 61
11 60
59 75
58 97
57 88
56 88
10 55
54 92
9 53
9 52
8 51
8 50
31 49
48 62
7 47
31 46
26 45
6 44
6 43
5 42
5 41
32 39
38 50
37 49
3 36
33 35
3 34
2 33
2 32
31 40
30 51
29 44
28 95
27 31
26 62
0 25
24 97
23 95
22 93
21 90
20 85
5 19
18 80
17 77
16 73
15 72
14 67
13 66
12 62
11 58
10 56
9 54
8 49
7 46
6 45
5 40
4 37
3 35
2 31
1 30
0 27
