99 98 97 96 95 94 93 92 91 90 89 88 87 86 85 84 83 82 81 80 79 78 77 76 75 74 73 72 71 70 69 68 67 66 65 64 63 62 61 60 59 58 57 56 55 54 53 52 51 50 49 48 47 46 45 44 43 42 41 40 39 38 37 36 35 34 33 32 31 30 29 28 27 26 25 24 23 22 21 20 19 18 17 16 15 14 13 12 11 10 9 8 7 6 5 4 3 2 1 0 
3 99
3 98
3 97
13 96
3 95
10 94
3 93
6 92
3 91
2 90
2 89
2 88
2 87
2 86
2 85
2 84
2 83
2 82
2 81
2 80
2 79
2 78
2 77
2 76
2 75
2 74
2 73
2 72
1 71
1 70
1 69
1 68
1 67
1 66
1 65
1 64
1 63
1 62
1 61
1 60
1 59
1 58
1 57
1 56
1 55
1 54
2 53
0 52
29 51
0 50
0 49
0 48
0 47
0 46
0 45
0 44
0 43
0 42
0 41
0 40
0 39
0 38
8 37
0 36
0 35
2 34
1 33
18 32
31 90
30 89
2 29
28 87
24 27
8 26
25 85
24 67
23 84
21 22
8 21
19 20
19 83
18 63
17 82
16 30
15 81
14 21
13 80
12 79
11 39
10 29
9 21
2 8
0 7
6 57
5 10
4 73
3 72
1 2
0 1
