99 98 97 96 95 94 93 92 91 90 89 88 87 86 85 84 83 82 81 80 79 78 77 76 75 74 73 72 71 70 69 68 67 66 65 64 63 62 61 60 59 58 57 56 55 54 53 52 51 50 49 48 47 46 45 44 43 42 41 40 39 38 37 36 35 34 33 32 31 30 29 28 27 26 25 24 23 22 21 20 19 18 17 16 15 14 13 12 11 10 9 8 7 6 5 4 3 2 1 0 
24 99
24 98
62 97
23 96
63 95
62 94
45 93
22 92
22 91
43 90
21 89
38 88
59 87
37 86
85 99
84 99
59 83
31 82
81 96
18 80
18 79
44 78
17 77
17 76
16 75
16 74
62 73
15 72
15 71
70 95
33 69
68 96
67 96
13 66
65 73
13 64
12 63
12 61
11 60
59 73
11 58
10 57
38 56
55 95
38 54
53 93
52 55
51 77
45 50
8 49
48 98
7 47
7 46
6 45
44 62
6 43
32 42
5 41
40 61
39 62
4 38
4 37
36 77
35 43
34 98
2 33
32 61
2 31
30 61
29 65
1 28
27 76
26 61
25 78
24 97
23 94
22 93
21 90
20 86
19 84
18 81
17 78
16 73
15 70
14 68
13 65
12 62
11 59
10 56
9 12
8 50
7 48
6 44
5 40
4 39
3 34
2 32
1 30
0 25
