26 23 98 96 71 54 59 55 49 62 75 17 41 67 25 77 27 70 74 72 21 57 28 12 58 48 47 92 90 50 39 40 19 18 33 5 78 45 83 63 31 30 61 60 52 51 7 6 66 65 81 79 24 22 3 1 34 88 84 44 42 95 93 15 13 10 9 37 36 87 85 69 68 
17 18
37 39
24 26
23 24
95 96
96 98
52 54
25 27
75 77
69 71
69 70
54 55
57 59
55 57
48 49
83 84
61 63
5 6
92 93
60 62
74 75
45 47
15 17
88 90
41 42
67 69
24 25
10 12
77 78
27 28
70 72
19 21
72 74
21 22
57 58
48 50
28 30
12 13
58 60
7 9
47 48
90 92
50 51
39 40
40 42
18 19
31 33
33 34
3 5
78 79
44 45
81 83
66 68
63 65
30 31
60 61
51 52
6 7
65 66
79 81
22 24
1 3
34 36
87 88
84 85
42 44
93 95
13 15
9 10
36 37
85 87
68 69
