99 98 97 96 95 94 93 92 91 90 89 88 87 86 85 84 83 82 81 80 79 78 77 76 75 74 73 72 71 70 69 68 67 66 65 64 63 62 61 60 59 58 57 56 55 54 53 52 51 50 49 48 47 46 45 44 43 42 41 40 39 38 37 36 35 34 33 32 31 30 29 28 27 26 25 24 23 22 21 20 19 18 17 16 15 14 13 12 11 10 9 8 7 6 5 4 3 2 1 0 
65 99
64 98
63 97
59 96
69 95
51 94
56 93
66 92
54 91
53 90
46 89
54 88
53 87
43 86
51 85
58 84
57 83
45 82
55 81
54 80
36 79
35 78
43 77
39 76
32 75
31 74
36 73
35 72
34 71
33 70
26 69
34 68
33 67
32 66
65 91
38 64
20 63
36 62
35 61
34 60
25 59
15 58
23 57
22 56
55 92
17 54
53 96
52 86
25 51
50 84
6 49
5 48
47 84
46 72
11 45
1 44
17 43
5 42
41 75
3 40
39 65
38 75
37 63
2 36
35 69
34 77
33 76
6 32
31 65
30 73
29 66
28 54
27 64
26 63
25 68
24 58
23 60
22 65
21 64
20 54
19 45
18 55
16 42
15 41
14 51
13 56
12 46
11 54
10 44
9 35
8 45
7 33
6 43
5 31
4 30
3 37
2 45
1 35
0 34
