99 98 97 96 95 94 93 92 91 90 89 88 87 86 85 84 83 82 81 80 79 78 77 76 75 74 73 72 71 70 69 68 67 66 65 64 63 62 61 60 59 58 57 56 55 54 53 52 51 50 49 48 47 46 45 44 43 42 41 40 39 38 37 36 35 34 33 32 31 30 29 28 27 26 25 24 23 22 21 20 19 18 17 16 15 14 13 12 11 10 9 8 7 6 5 4 3 2 1 0 
34 99
71 98
72 97
70 96
63 95
46 94
79 93
7 92
49 91
14 90
21 89
88 97
87 99
64 86
85 90
84 86
83 97
81 94
16 80
7 79
78 80
38 77
61 76
22 75
8 74
54 73
64 72
21 71
12 70
48 69
68 80
64 67
2 66
1 65
64 82
6 63
62 73
61 99
11 60
54 59
8 58
57 65
56 67
55 62
28 54
53 67
19 52
51 72
50 52
49 64
12 48
47 73
38 46
45 97
44 82
43 68
42 67
41 82
40 65
39 90
38 82
37 39
29 36
35 54
34 38
33 93
15 32
31 55
8 30
29 44
28 82
21 27
23 26
25 49
9 24
23 65
12 22
21 41
20 66
18 19
18 34
17 53
16 28
15 62
14 94
13 20
12 44
11 48
10 79
9 59
8 18
7 41
6 27
5 68
4 67
2 3
2 47
1 18
0 49
