35 92 0 2 3 4 5 6 8 10 11 12 16 17 18 19 20 21 23 26 28 30 33 34 36 37 38 39 40 42 43 44 45 46 51 52 53 55 59 60 61 62 64 66 67 68 69 70 71 73 77 79 80 81 82 83 87 88 89 91 95 97 7 
35 81
3 92
0 44
2 61
3 53
4 8
5 83
6 64
8 10
10 51
11 68
12 69
16 18
17 52
5 18
19 71
20 60
21 30
12 23
26 62
28 67
30 37
23 33
34 97
2 36
3 37
38 67
19 39
40 91
26 42
12 43
44 68
4 45
17 46
51 87
52 70
0 53
42 55
19 59
36 60
62 64
64 79
53 66
8 67
2 68
69 71
28 70
71 95
38 73
77 89
79 81
40 80
81 89
45 82
36 83
11 87
11 88
10 89
73 91
44 95
87 97
7 34
