99 98 97 96 95 94 93 92 91 90 89 88 87 86 85 84 83 82 81 80 79 78 77 76 75 74 73 72 71 70 69 68 67 66 65 64 63 62 61 60 59 58 57 56 55 54 53 52 51 50 49 48 47 46 45 44 43 42 41 40 39 38 37 36 35 34 33 32 31 30 29 28 27 26 25 24 23 22 21 20 19 18 17 16 15 14 13 12 11 10 9 8 7 6 5 4 3 2 1 0 
0 99
0 98
0 97
0 95
0 94
0 93
0 92
0 91
0 90
0 89
0 88
0 87
0 86
0 85
0 84
0 83
0 82
0 81
0 80
0 79
0 78
0 77
0 76
0 75
0 74
0 73
0 72
0 71
0 70
0 69
0 68
0 67
0 66
0 65
0 64
0 63
0 62
0 61
17 60
42 59
18 58
19 57
49 56
26 55
54 99
26 53
16 52
51 97
2 50
49 96
48 95
47 56
9 46
45 93
44 92
43 91
42 90
41 57
31 40
39 57
38 88
37 87
36 86
35 85
20 34
33 84
22 32
31 83
30 82
16 29
28 80
9 27
0 26
3 25
24 31
3 23
22 77
21 76
20 75
19 56
18 23
17 73
16 72
15 43
14 71
13 70
12 16
11 69
10 68
9 49
4 8
7 66
6 65
5 64
4 63
3 26
2 61
1 47
0 96
