77 76 75 74 73 72 71 70 69 68 67 66 65 64 63 62 61 60 59 58 57 56 55 54 53 52 51 50 49 48 47 46 45 44 43 42 41 40 39 38 37 36 35 34 33 32 31 30 29 28 27 26 25 24 23 22 21 20 19 18 17 16 15 14 13 12 11 10 9 8 7 6 5 4 3 2 1 0 
21 77
76 77
75 76
69 74
73 74
72 73
70 71
69 70
68 69
68 77
67 68
66 67
64 65
63 64
21 63
62 63
61 68
26 60
59 64
58 70
56 57
36 56
55 68
54 55
52 53
8 52
50 51
50 75
0 49
48 49
15 47
45 46
9 45
43 44
43 77
41 42
21 41
40 41
38 39
38 41
28 37
35 36
21 35
34 35
27 33
32 33
23 31
29 30
28 29
27 28
21 27
26 27
25 26
23 24
22 23
21 22
20 21
19 20
18 19
17 18
15 16
0 15
14 15
12 13
11 12
11 21
9 10
9 21
8 9
6 7
6 21
5 6
3 4
3 36
1 2
0 1
0 63
