99 98 97 96 95 94 93 92 91 90 89 88 87 86 85 84 83 82 81 80 79 78 77 76 75 74 73 72 71 70 69 68 67 66 65 64 63 62 61 60 59 58 57 56 55 54 53 52 51 50 49 48 47 46 45 44 43 42 41 40 39 38 37 36 35 34 33 32 31 30 29 28 27 26 25 24 23 22 21 20 19 18 17 16 15 14 13 12 11 10 9 8 7 6 5 4 3 2 1 0 
38 99
1 98
36 97
1 96
1 95
33 94
31 93
30 92
29 91
28 90
27 89
1 88
25 87
24 86
22 85
1 84
1 83
18 82
15 81
1 80
13 79
1 78
11 77
1 76
1 75
7 74
6 73
5 72
4 71
3 70
2 69
0 68
0 67
0 66
0 65
0 64
0 63
0 62
0 61
0 60
0 59
0 58
0 57
0 56
0 55
0 54
0 53
0 52
0 51
0 50
0 49
0 48
0 47
0 46
0 45
0 44
0 43
0 42
0 41
0 40
30 39
38 67
37 66
36 65
35 64
18 34
33 63
32 62
31 61
30 60
29 59
28 58
0 27
26 30
6 25
11 24
23 28
22 56
21 22
20 36
19 54
18 53
17 52
16 51
15 50
14 17
13 49
1 12
11 48
10 47
9 31
8 46
7 45
6 27
5 43
4 42
3 41
2 6
1 40
