99 94 91 90 89 88 86 85 81 79 77 76 73 67 65 64 61 59 58 57 56 55 54 53 52 51 50 49 48 47 46 45 44 43 41 40 39 38 36 35 34 33 32 27 25 24 22 21 20 19 18 17 16 15 13 12 10 7 6 4 3 2 
17 21
2 3
3 4
4 13
6 10
6 7
10 13
12 13
13 21
15 25
12 16
18 19
19 33
19 20
20 21
19 22
22 24
24 25
15 27
18 32
33 35
33 34
35 41
38 39
34 39
40 41
41 44
43 44
44 45
45 51
45 46
46 47
45 48
49 50
50 52
49 51
52 55
52 53
44 54
55 59
55 56
57 58
58 59
52 61
64 65
59 65
65 67
67 73
76 77
73 77
77 79
76 81
85 88
86 89
77 88
88 89
90 91
86 91
90 94
89 99
34 36
