81 9 70 80 37 86 85 77 19 69 68 71 47 15 27 31 18 99 0 22 90 91 76 75 79 78 24 23 32 17 16 63 62 12 98 84 74 92 49 48 89 6 5 4 3 73 72 57 36 38 65 64 97 50 8 7 14 13 67 66 61 30 2 1 40 39 83 82 29 28 96 95 52 51 21 20 88 87 58 46 45 35 54 53 56 55 94 93 60 59 34 33 44 43 11 10 26 25 
2 3
57 58
81 82
36 37
77 78
44 45
61 62
74 75
47 48
4 5
80 81
84 85
69 70
86 87
8 9
21 22
26 27
52 53
31 32
9 10
18 19
0 1
70 71
79 80
37 38
67 68
85 86
76 77
19 20
68 69
71 72
98 99
46 47
14 15
15 16
27 28
30 31
90 91
6 7
17 18
0 99
54 55
22 23
89 90
49 50
24 25
91 92
75 76
63 64
78 79
11 12
23 24
32 33
16 17
62 63
12 13
94 95
97 98
83 84
73 74
92 93
48 49
65 66
88 89
5 6
3 4
72 73
56 57
35 36
38 39
64 65
96 97
50 51
7 8
13 14
66 67
60 61
29 30
1 2
39 40
82 83
28 29
95 96
51 52
20 21
87 88
58 59
45 46
34 35
53 54
55 56
93 94
59 60
33 34
43 44
10 11
25 26
