99 98 97 96 95 94 93 92 91 90 89 88 87 86 85 84 83 82 81 80 79 78 77 76 75 74 73 72 71 70 69 68 67 66 65 64 63 62 61 60 59 58 57 56 55 54 53 52 51 50 49 48 47 46 45 44 43 42 41 40 39 38 37 36 35 34 33 32 31 30 29 28 27 26 25 24 23 22 21 20 19 18 17 16 15 14 13 12 11 10 9 8 7 6 5 4 3 2 1 0 
93 99
83 98
85 97
23 96
35 95
82 94
60 93
22 92
56 91
21 90
72 89
21 88
87 95
20 86
47 85
19 84
60 83
19 82
69 81
74 80
26 79
17 78
17 77
76 84
53 75
70 74
16 73
72 85
49 71
70 91
14 69
48 68
14 67
59 66
13 65
64 83
12 63
57 62
12 61
55 60
11 59
11 58
10 57
10 56
25 54
9 53
52 62
8 51
8 50
49 83
7 48
47 55
7 46
45 63
31 44
6 43
26 42
41 67
40 61
36 39
38 48
37 39
3 36
35 47
3 34
2 33
2 32
31 35
30 93
29 99
28 46
0 27
0 26
25 62
24 99
23 95
22 93
21 89
20 85
19 83
18 80
17 76
16 74
15 70
14 68
13 64
12 62
11 60
10 55
9 52
8 49
7 47
6 7
5 40
4 10
3 35
2 31
1 30
0 25
