98 90 73 72 61 58 57 52 46 45 44 43 42 40 38 36 35 25 24 23 22 21 18 12 10 8 9 7 6 5 4 3 1 97 95 94 92 86 85 84 83 82 78 77 76 74 71 70 69 67 66 65 64 63 60 59 56 55 54 53 51 48 47 39 37 34 33 31 30 29 26 16 14 89 80 79 20 19 88 87 
97 98
94 95
90 92
89 90
85 86
83 84
78 79
76 77
73 74
72 73
71 72
69 70
66 67
64 65
61 63
60 61
58 59
56 58
55 57
51 52
46 47
44 46
44 45
43 44
42 43
40 42
39 40
37 38
35 37
34 36
34 35
31 33
29 30
25 26
24 25
23 24
22 23
21 22
20 21
16 18
12 14
10 12
8 10
8 9
7 9
6 7
5 6
4 5
3 4
1 3
95 97
92 94
86 87
84 85
82 83
80 82
77 78
74 76
70 71
67 69
65 66
63 64
59 60
55 56
54 55
53 54
51 53
48 51
47 48
37 39
33 34
30 31
26 29
16 19
14 16
88 89
79 80
19 20
87 88
