99 98 97 96 95 94 93 92 91 90 89 88 87 86 85 84 83 82 81 80 79 78 77 76 75 74 73 72 71 70 69 68 67 66 65 64 63 62 61 60 59 58 57 56 55 54 53 52 51 50 49 48 47 46 45 44 43 42 41 40 39 38 37 36 35 34 33 32 31 30 29 28 27 26 25 24 23 22 21 20 19 18 17 16 15 14 13 12 11 10 9 8 7 6 5 4 3 2 1 0 
79 99
30 98
43 97
38 96
2 95
43 94
49 93
49 92
50 91
61 90
2 89
2 88
50 87
86 95
75 85
2 84
83 98
20 82
59 81
80 89
79 84
43 78
1 77
7 76
75 84
37 74
73 84
59 72
71 84
70 87
69 89
40 68
11 67
66 86
53 65
15 64
59 63
43 62
38 61
60 96
2 59
58 89
20 57
50 56
55 58
54 89
53 59
52 72
32 51
2 50
15 49
48 95
47 84
46 72
32 45
44 88
2 43
42 50
27 41
40 84
30 39
2 38
30 37
27 36
35 37
26 34
33 59
32 38
25 31
2 30
29 64
28 73
2 27
2 26
25 88
1 24
23 30
22 69
16 21
20 89
19 39
18 20
17 59
16 89
2 15
14 30
13 94
12 36
2 11
10 58
9 56
8 73
7 84
6 41
5 20
4 41
3 39
1 30
0 38
