62 54 28 49 39 30 42 73 84 60 21 27 69 87 25 77 4 91 13 94 3 2 66 52 22 11 81 93 6 10 5 29 26 24 86 79 32 23 18 17 88 9 80 1 20 7 74 71 64 83 36 12 8 15 35 34 57 31 61 19 78 16 92 51 85 75 
92 94
1 62
9 54
9 28
1 5
1 49
11 39
24 25
2 12
1 4
29 91
30 94
21 42
22 73
83 84
26 91
60 61
3 21
2 94
22 27
2 69
25 87
75 77
2 4
13 91
23 94
2 3
11 12
6 74
11 52
7 66
22 52
86 93
64 88
10 11
32 81
6 93
15 85
10 31
19 20
16 17
5 9
24 71
1 29
24 26
19 86
18 19
64 79
23 32
17 18
9 88
1 80
20 35
7 8
71 74
36 64
36 83
8 12
15 92
34 35
31 57
19 61
16 78
51 92
75 85
