99 98 97 96 95 94 93 92 91 90 89 88 87 86 85 84 83 82 81 80 79 78 77 76 75 74 73 72 71 70 69 68 67 66 65 64 63 62 61 60 59 58 57 56 55 54 53 52 51 50 49 48 47 46 45 44 43 42 41 40 39 38 37 36 35 34 33 32 31 30 29 28 27 26 25 24 23 22 21 20 19 18 17 16 15 14 13 12 11 10 9 8 7 6 5 4 3 2 1 0 
0 99
0 98
0 97
0 96
0 95
0 94
0 93
0 92
0 91
0 90
0 89
0 88
0 87
0 86
0 85
0 84
0 83
0 82
0 81
0 80
0 79
0 78
0 77
0 76
0 75
0 74
0 73
0 72
0 71
0 70
0 69
0 68
0 67
0 66
0 65
12 64
25 63
42 62
6 61
45 60
43 59
16 58
18 57
32 56
33 55
7 54
35 53
29 52
29 51
42 50
32 49
16 48
38 47
0 46
31 45
32 44
43 99
0 42
41 97
40 96
18 39
38 95
37 94
36 93
0 35
34 49
33 91
32 90
31 89
30 88
29 87
28 86
27 85
26 84
25 83
24 82
23 81
22 80
21 79
20 78
19 77
18 76
17 75
16 74
15 37
14 73
0 13
12 13
11 28
10 71
9 50
8 10
7 30
6 50
5 68
4 9
3 67
2 66
1 65
