99 98 97 96 95 94 93 92 91 90 89 88 87 86 85 84 83 82 81 80 79 78 77 76 75 74 73 72 71 70 69 68 67 66 65 64 63 62 61 60 59 58 57 56 55 54 53 52 51 50 49 48 47 46 45 44 43 42 41 40 39 38 37 36 35 34 33 32 31 30 29 28 27 26 25 24 23 22 21 20 19 18 17 16 15 14 13 12 11 10 9 8 7 6 5 4 3 2 1 0 
98 99
96 98
96 97
95 96
93 95
93 94
92 93
90 92
90 91
89 90
87 89
87 88
86 87
84 86
84 85
83 84
81 83
81 82
80 81
78 80
78 79
77 78
75 77
75 76
74 75
72 74
72 73
71 72
69 71
69 70
68 69
66 68
66 67
65 66
63 65
63 64
62 63
60 62
60 61
59 60
57 59
57 58
56 57
54 56
54 55
53 54
51 53
51 52
50 51
48 50
48 49
47 48
45 47
45 46
44 45
43 44
42 44
41 42
40 41
39 41
38 39
37 38
36 38
35 36
34 35
33 35
32 33
31 32
30 32
29 30
28 29
27 29
26 27
25 26
24 26
23 24
22 23
21 23
20 21
19 20
18 20
17 18
16 17
15 17
14 15
13 14
12 14
11 12
10 11
9 11
8 9
7 8
6 8
5 6
4 5
3 5
2 3
1 2
0 2
