0 1 2 3 4 5 6 7 8 9 10 11 12 13 14 15 16 17 18 19 20 21 22 23 24 25 26 27 28 29 30 31 32 33 34 35 36 37 38 39 40 41 42 43 44 46 47 48 49 50 51 52 53 54 55 56 57 58 59 60 61 62 63 64 65 66 67 68 69 70 71 72 73 74 75 76 77 78 79 80 81 82 83 84 85 86 87 88 89 90 91 92 93 94 95 96 97 98 99 
8 49
13 66
14 68
4 39
23 94
22 91
18 80
21 88
3 34
21 89
16 75
18 81
20 86
19 83
5 42
17 77
22 93
7 46
20 85
1 29
5 40
0 27
10 55
23 95
12 61
15 70
18 79
16 73
9 54
0 25
6 43
83 98
14 67
8 51
4 37
24 97
3 36
12 62
10 57
8 50
17 76
2 32
7 48
2 31
21 90
81 87
33 51
35 97
60 75
49 64
2 33
56 91
37 59
43 88
24 99
0 26
22 92
13 65
25 65
52 62
12 63
19 82
3 35
37 78
28 95
4 38
7 47
53 66
20 87
25 47
26 83
74 98
19 84
11 59
68 93
44 95
49 54
41 62
70 86
17 78
10 56
27 97
29 38
62 91
27 49
71 88
25 91
75 83
27 37
59 96
72 84
39 69
27 87
56 58
30 33
0 21
0 23
0 5
