99 97 95 93 91 89 87 85 83 82 81 80 79 78 77 76 75 74 73 72 71 70 69 68 67 66 65 64 63 62 61 60 59 58 57 56 55 54 53 51 49 47 45 43 41 39 37 35 32 31 30 29 28 27 26 25 24 23 22 21 20 19 18 17 16 15 14 13 12 11 10 9 8 7 6 5 4 3 2 1 
32 99
31 97
30 95
29 93
28 91
27 89
26 87
25 85
24 83
24 82
23 81
23 80
22 79
22 78
21 77
21 76
20 75
20 74
19 73
19 72
18 71
18 70
17 69
17 68
17 67
16 66
16 65
15 64
15 63
14 62
14 61
13 60
13 59
12 58
12 57
11 56
11 55
10 54
10 53
9 51
8 49
7 47
6 45
5 43
4 41
3 39
2 37
1 35
32 97
31 95
30 93
29 91
28 89
27 87
26 85
25 83
24 81
23 79
22 77
21 75
20 73
19 71
18 69
16 67
15 65
14 63
13 61
12 59
11 57
10 55
9 53
8 51
7 49
6 47
5 45
4 43
3 41
2 39
1 37
