99 98 97 96 95 94 93 92 91 90 89 88 87 86 85 84 83 82 81 80 79 78 77 76 75 74 73 72 71 70 69 68 67 66 65 64 63 62 61 60 59 58 57 56 55 54 53 52 51 50 49 48 47 46 45 44 43 42 41 40 39 38 37 36 35 34 33 32 31 30 29 28 27 26 25 24 23 22 21 20 19 18 17 16 15 14 13 12 11 10 9 8 7 6 5 4 3 2 1 0 
0 99
0 98
0 97
0 96
0 94
36 93
0 92
0 91
0 90
0 89
0 88
0 87
0 86
0 85
0 84
0 83
0 82
0 81
0 80
0 79
0 78
0 77
0 76
0 75
0 74
0 73
0 72
0 71
0 70
0 69
0 68
2 67
9 66
38 65
38 64
26 63
57 62
44 61
51 60
59 66
58 64
57 59
54 56
39 55
28 54
34 53
52 57
36 51
4 50
49 52
8 48
12 47
20 46
11 45
30 44
43 51
36 42
41 97
40 96
39 95
0 38
37 40
0 36
35 92
0 34
33 35
0 32
31 36
30 87
20 29
12 28
15 27
26 86
25 38
24 25
23 85
22 84
21 35
20 82
19 81
18 36
17 80
16 60
15 59
14 39
13 14
12 23
11 55
10 11
9 14
8 73
7 38
6 36
5 39
4 19
3 43
2 69
1 68
0 95
