99 98 97 96 95 94 93 92 91 90 89 88 87 86 85 84 83 82 81 80 79 78 77 76 75 74 73 72 71 70 69 68 67 66 65 64 63 62 61 60 59 58 57 56 55 54 53 52 51 50 49 48 47 46 45 44 43 42 41 40 39 38 37 36 35 34 33 32 31 30 29 28 27 26 25 24 23 22 21 20 19 18 17 16 15 14 13 12 11 10 9 8 7 6 5 4 3 2 1 0 
48 99
24 98
24 97
30 96
23 95
94 99
93 99
22 92
22 91
46 90
84 89
21 88
78 87
44 86
66 85
46 84
19 83
19 82
81 99
80 90
46 79
17 78
17 77
47 76
46 75
16 74
16 73
32 72
41 71
70 81
14 69
64 68
67 75
13 66
46 65
13 64
63 95
62 78
61 67
28 60
11 59
11 58
10 57
30 56
55 78
54 55
53 94
52 82
51 77
50 77
49 90
7 48
7 47
7 46
30 45
6 44
43 76
29 42
5 41
5 40
39 40
38 77
4 37
31 36
35 83
34 44
33 66
28 32
31 43
30 47
29 47
1 28
27 83
0 26
0 25
24 99
23 94
22 93
21 90
7 20
19 84
18 79
17 76
16 75
15 71
14 67
13 65
12 61
11 60
10 56
9 52
8 50
6 43
5 42
4 38
3 35
2 32
1 30
0 27
