99 98 97 96 95 94 93 92 91 90 89 88 87 86 85 84 83 82 81 80 79 78 77 76 75 74 73 72 71 70 69 68 67 66 65 64 63 62 61 60 59 58 57 56 55 54 53 52 51 50 49 48 47 46 45 44 43 42 41 40 39 38 37 36 35 34 33 32 31 30 29 28 27 26 25 24 23 22 21 20 19 18 17 16 15 14 13 12 11 10 9 8 7 6 5 4 3 2 1 0 
24 99
40 98
24 97
23 96
38 95
80 94
75 93
40 92
22 91
21 90
29 89
21 88
39 87
80 86
20 85
19 83
19 82
18 81
18 80
79 84
58 78
17 77
76 80
75 83
16 74
16 73
28 72
15 71
15 70
14 69
38 68
14 67
13 66
59 65
64 72
63 89
62 70
61 74
11 60
59 82
11 58
27 57
10 56
55 69
36 54
53 91
29 52
51 98
50 82
8 49
7 48
47 79
7 46
6 45
6 44
43 50
42 84
5 41
5 40
39 40
38 82
4 37
3 36
3 35
34 82
2 33
32 58
31 96
1 30
1 29
28 84
27 74
26 35
25 50
24 98
23 95
22 92
21 89
19 20
19 84
18 79
17 76
16 75
15 72
14 68
13 65
12 62
11 59
5 10
9 54
8 50
7 47
6 43
5 42
4 38
3 34
2 32
1 28
0 25
