99 98 97 96 95 94 93 92 91 90 89 88 87 86 85 84 83 82 81 80 79 78 77 76 75 74 73 72 71 70 69 68 67 66 65 64 63 62 61 60 59 58 57 56 55 54 53 52 51 50 49 48 47 46 45 44 43 42 41 40 39 38 37 36 35 34 33 32 31 30 29 28 27 26 25 24 23 22 21 20 19 18 17 16 15 14 13 12 11 10 9 8 7 6 5 4 3 2 1 0 
88 99
90 98
90 97
93 96
87 95
77 94
77 93
90 92
66 91
69 90
66 89
64 88
78 87
77 86
85 87
81 84
81 83
47 82
81 82
30 80
74 79
78 80
76 77
72 76
75 84
58 74
49 73
60 72
71 74
70 97
60 69
68 69
67 71
64 66
65 67
60 64
54 63
56 62
60 61
59 60
58 59
57 58
28 57
56 57
54 55
25 54
53 56
52 80
13 51
38 50
48 49
38 48
47 48
42 46
41 45
30 44
16 43
42 44
40 41
40 42
36 39
38 43
16 37
36 40
35 38
34 35
11 33
8 32
2 31
30 58
21 29
21 28
27 61
26 27
18 25
14 24
20 23
22 28
20 27
19 24
18 51
17 21
16 21
15 21
3 14
10 13
12 15
11 12
10 15
9 17
8 16
7 8
6 7
3 5
4 13
1 3
2 9
0 1
0 7
