98 97 96 95 94 93 92 91 90 89 88 87 86 85 84 83 82 81 80 79 78 77 76 75 74 73 72 71 70 69 68 67 66 65 64 63 62 61 60 59 58 57 56 55 54 53 52 51 50 49 48 47 46 45 44 43 42 41 40 39 38 37 36 35 34 33 32 31 30 29 28 27 26 25 24 23 22 21 20 19 18 17 16 15 14 13 12 11 10 9 8 7 6 5 4 3 2 1 0 
32 98
32 97
31 96
31 95
30 94
93 95
29 92
29 91
28 90
28 89
86 88
27 87
26 86
26 85
25 84
25 83
24 82
24 81
23 80
23 79
22 78
22 77
21 76
21 75
20 74
20 73
19 72
19 71
18 70
69 71
17 68
17 67
16 66
16 65
15 64
15 63
14 62
14 61
13 60
13 59
12 58
12 57
11 56
11 55
10 54
53 55
9 52
9 51
8 50
49 51
7 48
7 47
6 46
6 45
42 44
5 43
4 42
4 41
3 40
3 39
2 38
2 37
34 36
1 35
0 34
0 33
31 32
30 31
29 31
28 31
27 31
26 31
25 31
24 31
23 31
22 31
21 31
20 31
19 31
18 31
17 31
16 31
15 31
14 31
13 31
12 31
11 31
10 31
9 31
8 31
7 31
6 31
5 31
4 31
3 31
2 31
1 31
0 31
