99 98 97 96 95 94 93 92 91 90 89 88 87 86 85 84 83 82 81 80 79 78 77 76 75 74 73 72 71 70 69 68 67 66 65 64 63 62 61 60 59 58 57 56 55 54 53 52 51 50 49 48 47 46 45 44 43 42 41 40 39 38 37 36 35 34 33 32 31 30 29 28 27 26 25 24 23 22 21 20 19 18 17 16 15 14 13 12 11 10 9 8 7 6 5 4 3 2 1 0 
24 99
77 98
38 97
56 96
76 95
57 94
28 93
22 92
22 91
74 90
21 89
42 88
20 87
58 86
20 85
45 84
19 83
82 92
52 81
47 80
48 79
17 78
38 77
17 76
16 75
30 74
16 73
15 72
15 71
15 70
14 69
68 85
46 67
66 73
60 65
64 77
12 63
12 62
58 61
11 60
29 59
11 58
10 57
56 93
55 91
9 54
9 53
30 52
51 92
35 50
44 49
48 74
47 59
46 58
6 45
6 44
28 43
42 58
5 41
40 44
4 39
29 38
4 37
3 36
35 54
34 64
33 73
29 32
2 31
1 30
1 29
1 28
0 27
26 52
25 52
24 97
23 95
22 93
21 90
20 86
19 82
18 79
17 77
16 74
1 15
14 68
13 64
12 61
11 59
10 56
9 52
8 51
7 47
6 43
5 42
4 38
3 35
2 32
0 26
