99 98 97 96 95 94 93 92 91 90 89 88 87 86 85 84 83 82 81 80 79 78 77 76 75 74 73 72 71 70 69 68 67 66 65 64 63 62 61 60 59 58 57 56 55 54 53 52 51 50 49 48 47 46 45 44 43 42 41 40 39 38 37 36 35 34 33 32 31 30 29 28 27 26 25 24 23 22 21 20 19 18 17 16 15 14 13 12 11 10 9 8 7 6 5 4 3 2 1 0 
89 99
98 99
97 98
96 97
95 96
93 94
92 93
91 92
90 91
89 90
88 89
57 88
57 87
57 86
57 85
57 84
57 83
57 82
57 81
57 80
57 79
57 78
57 77
57 76
57 75
57 74
57 73
57 72
57 71
57 70
57 69
57 68
57 67
57 66
57 65
57 64
57 63
57 62
57 61
59 60
58 59
57 58
56 57
55 56
54 56
53 56
52 56
51 56
50 56
49 56
48 56
47 56
46 56
45 56
44 56
43 56
42 56
41 56
40 56
39 56
38 56
37 56
36 56
35 56
34 56
33 56
32 33
30 31
29 30
28 29
27 28
27 58
26 58
25 58
24 58
23 58
22 58
21 58
20 58
19 58
18 58
17 58
16 58
15 58
14 58
13 58
12 58
11 58
10 58
9 58
8 58
7 58
6 58
5 58
4 58
3 4
2 3
1 2
0 1
