36 21 20 48 8 14 10 7 11 2 5 3 38 23 32 64 17 28 9 13 12 19 6 1 0 30 26 18 50 37 31 27 40 25 39 16 24 15 29 4 55 43 46 35 33 49 44 41 58 60 69 62 66 45 75 68 79 57 59 70 61 56 53 
1 37
19 20
14 15
6 8
35 36
20 21
11 14
46 48
8 9
44 55
6 7
1 3
10 14
4 5
7 27
11 12
1 2
5 6
26 29
3 4
58 60
28 38
18 23
60 75
31 32
41 64
17 18
9 28
24 25
12 13
18 19
40 41
6 39
0 1
30 31
40 68
18 26
43 50
33 37
27 31
25 40
16 39
15 16
15 24
4 29
43 55
49 53
44 46
33 35
45 49
41 44
58 59
57 60
62 70
62 69
45 66
68 75
59 79
56 57
59 61
61 70
53 56
