99 98 97 96 93 92 90 86 85 84 83 82 81 78 77 76 75 74 73 72 71 70 69 68 67 66 64 63 62 61 60 59 58 57 56 53 52 51 50 49 46 45 42 41 40 37 36 35 34 33 32 31 28 27 26 25 24 23 22 21 20 19 18 17 16 15 14 11 10 7 6 5 4 1 
1 31
4 5
5 67
6 64
6 7
10 40
10 11
14 15
15 16
16 17
17 18
18 23
19 20
20 60
20 21
21 22
22 23
23 24
25 26
26 71
26 27
27 28
31 32
32 33
33 34
34 35
35 36
36 37
40 41
41 82
41 42
45 90
45 46
49 50
50 51
42 51
51 52
52 53
56 57
57 58
58 59
59 60
60 61
61 72
61 62
62 63
63 64
60 66
67 68
68 69
69 70
70 71
71 72
33 72
72 73
73 74
74 75
76 77
67 77
77 78
81 82
82 83
83 84
32 84
84 85
85 86
50 90
10 92
92 93
96 97
97 98
98 99
72 99
