99 98 97 96 95 94 93 92 91 90 89 88 87 86 85 84 83 82 81 80 79 78 77 76 75 74 73 72 71 70 69 68 67 66 65 64 63 62 61 60 59 58 57 56 55 54 53 52 51 50 49 48 47 46 45 44 43 42 41 40 39 38 37 36 35 34 33 32 31 30 29 28 27 26 25 24 23 22 21 20 19 18 17 16 15 14 13 12 11 10 9 8 7 6 5 4 3 2 1 0 
91 99
91 98
91 97
91 96
91 95
91 94
91 93
91 92
90 91
81 90
81 89
81 88
81 87
81 86
81 85
81 84
81 83
81 82
60 81
79 80
78 79
77 78
76 77
75 76
74 75
73 74
72 73
71 72
69 70
68 69
67 68
66 67
65 66
64 65
63 64
62 63
61 62
60 61
50 60
50 59
50 58
57 71
50 56
50 55
50 54
50 53
50 52
50 51
50 57
48 49
45 48
45 47
45 46
44 45
44 71
40 43
40 42
40 41
40 44
39 40
38 39
36 37
26 36
25 35
25 34
25 33
25 32
25 31
25 30
25 29
25 28
25 27
25 26
25 50
23 24
22 23
21 22
19 21
19 20
18 19
0 18
9 17
7 16
6 15
4 14
3 13
2 12
1 11
0 10
0 9
0 8
0 7
0 6
5 71
0 4
3 71
0 2
0 1
0 71
