98 97 96 95 94 93 92 91 90 89 88 87 86 85 84 83 82 81 80 79 78 77 76 75 74 73 72 71 70 69 68 67 66 65 64 63 62 61 60 59 58 57 56 55 54 53 52 51 50 49 48 47 46 45 44 43 42 41 40 39 38 37 36 35 34 33 32 31 30 29 28 27 26 25 24 23 22 21 20 19 18 17 16 15 14 13 12 11 10 9 8 7 6 5 4 3 2 1 0 
32 98
32 97
31 96
31 95
30 94
30 93
90 92
89 91
28 90
28 89
27 88
27 87
26 86
26 85
25 84
25 83
24 82
81 83
23 80
23 79
22 78
22 77
21 76
21 75
74 76
20 73
19 72
69 71
18 70
18 69
66 68
17 67
16 66
16 65
15 64
15 63
14 62
14 61
58 60
57 59
12 58
12 57
54 56
53 55
10 54
10 53
9 52
9 51
8 50
8 49
7 48
7 47
6 46
6 45
5 44
5 43
4 42
4 41
3 40
3 39
2 38
2 37
1 36
1 35
0 34
0 33
28 32
28 31
28 30
28 29
27 28
26 28
25 28
24 28
23 28
22 28
21 28
20 28
19 28
18 28
17 28
16 28
15 28
14 28
13 28
12 28
11 28
10 28
9 28
8 28
7 28
6 28
5 28
4 28
3 28
2 28
1 28
0 28
