27 50 62 40 4 34 44 86 37 90 89 71 94 92 74 72 26 22 33 68 32 30 53 52 20 18 25 23 17 38 60 66 14 29 24 42 41 65 64 2 0 59 54 58 56 48 47 84 83 36 35 82 80 8 6 78 77 12 11 
26 27
50 52
72 77
90 92
30 35
48 53
66 71
60 62
0 4
37 40
17 18
36 40
4 6
30 34
20 22
42 44
84 86
37 41
89 90
78 83
59 60
84 89
71 72
92 94
78 82
72 74
24 26
29 30
22 23
32 33
53 54
66 68
30 32
52 53
18 20
25 29
23 24
12 17
36 38
60 64
65 66
42 47
12 14
24 29
41 42
64 65
0 2
58 59
54 56
56 58
47 48
6 11
83 84
35 36
80 82
6 8
77 78
11 12
