98 96 95 93 92 90 89 87 86 84 83 81 80 78 77 75 74 73 72 71 70 69 68 67 66 65 64 63 62 61 60 59 58 57 56 55 54 53 52 51 50 49 48 47 46 45 44 43 42 41 40 39 38 37 36 35 34 33 32 31 30 29 28 27 26 25 24 23 21 20 18 17 15 14 12 11 9 8 6 5 3 2 
96 98
95 96
93 95
92 93
90 92
89 90
87 89
86 87
84 86
83 84
81 83
80 81
78 80
77 78
75 77
74 75
72 73
72 74
71 72
69 70
69 71
68 69
67 68
66 68
65 66
63 64
63 65
62 63
61 62
60 62
59 60
57 58
57 59
56 57
55 56
54 56
53 54
52 53
51 53
50 51
48 49
48 50
47 48
45 46
45 47
44 45
43 44
42 44
41 42
40 41
39 41
38 39
37 38
36 38
35 36
34 35
33 35
32 33
31 32
30 32
29 30
28 29
27 29
26 27
24 25
24 26
23 24
21 23
20 21
18 20
17 18
15 17
14 15
12 14
11 12
9 11
8 9
6 8
5 6
3 5
2 3
