0 1 2 3 4 5 6 7 8 9 10 11 12 13 14 15 16 17 18 19 20 21 22 23 24 25 26 27 28 29 30 31 32 33 34 35 36 37 38 39 40 41 42 43 44 45 46 47 48 49 50 51 52 53 54 55 56 57 58 59 60 61 62 63 64 65 66 67 68 69 70 71 72 73 74 75 76 77 78 80 81 82 83 84 85 86 87 88 89 90 91 92 93 94 95 96 97 98 99 
21 88
15 72
22 92
7 47
22 93
6 45
10 56
12 61
16 73
1 30
0 26
19 83
0 25
9 52
23 96
9 53
4 39
5 42
74 86
7 46
17 78
2 32
12 62
16 74
5 41
8 50
7 48
14 69
5 40
20 85
11 59
6 44
22 91
8 51
20 87
30 34
69 70
25 56
10 55
61 98
26 87
0 27
16 75
58 80
8 49
59 91
21 90
12 63
66 89
19 82
3 36
42 64
10 57
93 95
23 94
86 88
42 77
21 89
42 74
31 42
20 86
15 71
17 77
58 92
30 68
29 73
27 70
4 38
75 96
35 72
36 89
28 29
60 91
47 54
19 84
62 65
13 64
44 85
37 89
62 73
33 90
32 44
45 72
6 43
44 49
87 91
30 83
33 99
53 56
25 47
47 97
83 86
30 67
47 81
76 93
0 24
18 21
4 20
