99 98 97 96 95 94 93 92 91 90 89 88 87 86 85 84 83 82 81 80 79 78 77 76 75 74 73 72 71 70 69 68 67 66 65 64 63 62 61 60 59 58 57 56 55 54 53 52 51 50 49 48 47 46 45 44 43 42 41 40 39 38 37 36 35 34 33 32 31 30 29 28 27 26 25 24 23 22 21 20 19 18 17 16 15 14 13 12 11 10 9 8 7 6 5 4 3 2 1 0 
96 99
98 99
96 97
8 96
95 96
90 94
92 93
92 94
90 91
56 90
9 89
85 88
87 88
85 86
85 89
82 84
82 83
21 82
80 81
80 83
77 79
65 78
77 86
76 77
26 75
62 74
23 73
72 74
70 71
70 74
66 69
67 68
67 69
66 91
65 66
57 64
63 64
62 64
60 61
60 63
56 59
58 59
56 57
55 58
14 54
11 53
52 53
51 53
39 50
45 49
19 48
47 48
45 46
45 48
44 74
42 43
42 62
41 42
40 44
35 39
38 39
37 43
35 36
35 68
6 34
33 49
32 34
31 34
30 34
25 29
28 89
27 28
26 29
25 28
21 24
20 23
20 22
21 22
20 87
19 90
18 19
16 17
16 18
15 16
10 14
10 13
11 12
11 63
10 12
5 9
5 8
7 8
5 6
5 55
4 48
0 3
2 93
1 60
0 1
