99 98 97 96 95 94 93 92 91 90 89 88 87 86 85 84 83 82 81 80 79 78 77 76 75 74 73 72 71 70 69 68 67 66 65 64 63 62 61 60 59 58 57 56 55 54 53 52 51 50 49 48 47 46 45 44 43 42 41 40 39 38 37 36 35 34 33 32 31 30 29 28 27 26 25 24 23 22 21 20 19 18 17 16 15 14 13 12 11 10 9 8 7 6 5 4 3 2 1 0 
72 99
62 98
24 97
23 96
23 95
23 94
22 93
54 92
86 91
86 90
21 89
21 88
20 87
86 95
52 85
75 84
19 83
19 82
18 81
18 80
18 79
17 78
73 77
75 76
75 96
16 74
73 94
15 72
15 71
70 96
36 69
63 68
14 67
66 90
13 65
13 64
12 63
62 74
12 61
11 60
11 59
58 75
10 57
56 61
53 55
9 54
9 53
52 94
51 90
8 50
49 90
48 53
39 47
46 72
30 45
6 44
29 43
5 42
41 61
40 97
39 52
4 38
4 37
3 36
3 35
34 74
33 47
32 37
31 92
1 30
1 29
28 73
0 27
0 26
25 76
24 98
22 91
21 90
20 86
19 23
16 18
17 76
16 73
15 70
14 68
13 66
12 62
11 58
10 55
9 52
8 51
7 48
6 43
5 41
4 39
3 34
2 33
1 28
0 25
