0 1 2 3 4 5 6 7 8 9 10 11 12 13 14 15 16 17 18 19 20 21 22 23 24 25 26 27 28 29 30 31 32 33 34 35 36 37 38 39 40 41 42 43 44 45 46 47 48 49 50 51 52 53 54 55 56 57 58 59 60 61 62 63 64 65 66 67 68 69 70 71 72 73 74 75 76 77 78 79 80 81 82 83 84 85 87 88 89 90 91 92 93 94 95 96 97 98 99 
11 58
8 51
5 42
14 67
5 41
9 54
12 62
6 44
6 45
7 48
5 40
4 38
22 93
7 47
0 25
15 70
13 64
2 31
17 77
2 32
18 81
10 57
20 85
38 52
8 49
2 33
22 91
17 78
19 83
13 65
3 36
16 74
26 99
30 47
60 81
12 61
6 43
46 78
13 66
21 90
38 98
11 60
4 37
21 88
44 59
19 82
23 94
34 61
17 76
19 84
21 89
24 98
53 75
9 53
12 63
9 52
38 39
70 77
29 73
11 59
1 30
33 69
16 73
77 88
54 74
14 68
65 67
58 95
36 95
47 57
43 65
28 91
26 53
65 83
44 54
10 55
49 65
57 72
64 85
56 58
27 40
0 26
33 59
23 96
15 71
57 59
41 58
52 79
54 94
35 64
53 87
88 91
77 80
50 52
45 77
56 92
76 97
6 12
