90 85 15 23 1 34 89 88 83 30 29 39 82 20 49 32 28 18 6 48 46 4 10 65 63 96 7 71 22 3 13 2 58 98 97 73 5 81 17 33 8 92 70 86 24 55 54 75 44 67 57 61 60 74 72 36 47 93 69 84 41 53 16 
23 30
23 90
3 20
48 49
17 67
1 16
29 32
1 7
1 39
85 88
15 39
1 4
23 89
23 24
1 5
34 92
88 89
2 3
58 83
10 32
54 63
16 18
29 30
39 63
20 82
28 49
7 32
28 74
71 92
33 72
6 18
6 67
46 48
63 84
2 4
60 98
10 92
63 65
7 96
71 72
3 22
2 13
57 58
97 98
5 73
47 81
17 44
70 93
8 33
70 92
24 86
54 55
74 75
44 61
57 67
60 61
36 74
36 72
41 47
69 93
41 84
16 53
