98 97 96 92 89 88 85 84 83 82 79 75 74 73 72 71 70 69 68 64 60 58 57 55 50 49 48 47 46 45 44 43 42 41 40 39 38 37 36 35 34 33 32 31 30 29 28 27 26 25 24 23 22 21 20 19 18 17 16 15 14 13 12 11 10 9 8 7 6 5 4 3 2 1 0 
8 11
5 7
7 15
1 98
96 97
96 98
84 92
88 89
88 97
82 85
83 84
83 85
79 82
71 79
75 79
74 88
64 73
72 74
70 71
69 70
64 74
60 75
57 58
57 89
55 57
50 55
45 49
46 48
38 47
46 47
44 45
19 44
42 43
42 45
41 42
40 42
7 39
24 38
37 38
34 36
33 35
34 49
33 34
32 35
31 32
30 32
29 32
25 28
27 70
25 26
25 27
22 24
22 23
21 22
20 21
20 25
19 20
17 18
16 18
15 16
14 24
12 13
10 12
10 25
9 10
0 4
3 20
2 18
0 1
0 2
2 68
18 19
6 7
7 8
