99 98 96 93 88 87 84 83 80 76 75 72 70 69 67 66 64 63 62 61 60 59 56 55 54 53 52 51 50 48 47 46 45 43 41 37 36 34 33 31 30 28 27 26 22 19 18 17 15 14 13 12 11 9 8 6 5 4 3 2 1 
87 99
62 98
15 96
18 93
55 88
87 98
64 84
70 83
27 80
2 76
13 75
72 84
70 87
37 69
67 96
66 70
33 64
55 63
61 62
60 61
55 60
36 59
56 66
54 67
22 53
52 72
11 51
12 50
4 48
47 61
46 55
22 45
43 46
41 52
37 54
36 52
34 64
33 53
26 31
28 30
17 28
18 27
18 26
22 55
19 55
18 45
17 18
15 19
14 15
13 19
8 12
4 11
3 9
6 8
5 6
1 5
1 4
3 76
2 4
1 88
